<?xml version="1.0" encoding="UTF-8"?>
<testsuite name="com.prueba.windows.AcceptanceTestSuite" time="239.563" tests="12" errors="3" skipped="4" failures="3">
  <properties>
    <property name="java.runtime.name" value="Java(TM) SE Runtime Environment"/>
    <property name="sun.boot.library.path" value="C:\Program Files\Java\jdk1.8.0_121\jre\bin"/>
    <property name="java.vm.version" value="25.121-b13"/>
    <property name="java.vm.vendor" value="Oracle Corporation"/>
    <property name="maven.multiModuleProjectDirectory" value="C:\Users\javier.vildozo\workspace\pruebaWindows"/>
    <property name="java.vendor.url" value="http://java.oracle.com/"/>
    <property name="path.separator" value=";"/>
    <property name="guice.disable.misplaced.annotation.check" value="true"/>
    <property name="java.vm.name" value="Java HotSpot(TM) 64-Bit Server VM"/>
    <property name="file.encoding.pkg" value="sun.io"/>
    <property name="user.script" value=""/>
    <property name="user.country" value="US"/>
    <property name="sun.java.launcher" value="SUN_STANDARD"/>
    <property name="sun.os.patch.level" value=""/>
    <property name="java.vm.specification.name" value="Java Virtual Machine Specification"/>
    <property name="user.dir" value="C:\Users\javier.vildozo\workspace\pruebaWindows"/>
    <property name="java.runtime.version" value="1.8.0_121-b13"/>
    <property name="java.awt.graphicsenv" value="sun.awt.Win32GraphicsEnvironment"/>
    <property name="java.endorsed.dirs" value="C:\Program Files\Java\jdk1.8.0_121\jre\lib\endorsed"/>
    <property name="os.arch" value="amd64"/>
    <property name="java.io.tmpdir" value="C:\Users\JAVIER~1.VIL\AppData\Local\Temp\"/>
    <property name="line.separator" value="&#10;"/>
    <property name="java.vm.specification.vendor" value="Oracle Corporation"/>
    <property name="user.variant" value=""/>
    <property name="os.name" value="Windows 10"/>
    <property name="classworlds.conf" value="C:\Program Files\apache-maven-3.3.9\bin\..\bin\m2.conf"/>
    <property name="sun.jnu.encoding" value="Cp1252"/>
    <property name="java.library.path" value="C:\Program Files\Java\jdk1.8.0_121\bin;C:\Windows\Sun\Java\bin;C:\Windows\system32;C:\Windows;C:\ProgramData\Oracle\Java\javapath;C:\Windows\system32;C:\Windows;C:\Windows\System32\Wbem;C:\Windows\System32\WindowsPowerShell\v1.0\;C:\Program Files\Java\jdk1.8.0_121\bin;C:\Program Files\Git\cmd;C:\Program Files\apache-maven-3.3.9\bin;C:\Program Files (x86)\Skype\Phone\;."/>
    <property name="java.specification.name" value="Java Platform API Specification"/>
    <property name="java.class.version" value="52.0"/>
    <property name="sun.management.compiler" value="HotSpot 64-Bit Tiered Compilers"/>
    <property name="os.version" value="10.0"/>
    <property name="user.home" value="C:\Users\javier.vildozo"/>
    <property name="user.timezone" value="America/La_Paz"/>
    <property name="java.awt.printerjob" value="sun.awt.windows.WPrinterJob"/>
    <property name="java.specification.version" value="1.8"/>
    <property name="file.encoding" value="Cp1252"/>
    <property name="user.name" value="javier.vildozo"/>
    <property name="java.class.path" value="C:\Program Files\apache-maven-3.3.9\bin\..\boot\plexus-classworlds-2.5.2.jar"/>
    <property name="org.slf4j.simpleLogger.defaultLogLevel" value="debug"/>
    <property name="java.vm.specification.version" value="1.8"/>
    <property name="sun.arch.data.model" value="64"/>
    <property name="java.home" value="C:\Program Files\Java\jdk1.8.0_121\jre"/>
    <property name="sun.java.command" value="org.codehaus.plexus.classworlds.launcher.Launcher clean install -X"/>
    <property name="java.specification.vendor" value="Oracle Corporation"/>
    <property name="user.language" value="en"/>
    <property name="awt.toolkit" value="sun.awt.windows.WToolkit"/>
    <property name="java.vm.info" value="mixed mode"/>
    <property name="java.version" value="1.8.0_121"/>
    <property name="java.ext.dirs" value="C:\Program Files\Java\jdk1.8.0_121\jre\lib\ext;C:\Windows\Sun\Java\lib\ext"/>
    <property name="sun.boot.class.path" value="C:\Program Files\Java\jdk1.8.0_121\jre\lib\resources.jar;C:\Program Files\Java\jdk1.8.0_121\jre\lib\rt.jar;C:\Program Files\Java\jdk1.8.0_121\jre\lib\sunrsasign.jar;C:\Program Files\Java\jdk1.8.0_121\jre\lib\jsse.jar;C:\Program Files\Java\jdk1.8.0_121\jre\lib\jce.jar;C:\Program Files\Java\jdk1.8.0_121\jre\lib\charsets.jar;C:\Program Files\Java\jdk1.8.0_121\jre\lib\jfr.jar;C:\Program Files\Java\jdk1.8.0_121\jre\classes"/>
    <property name="sun.stderr.encoding" value="cp437"/>
    <property name="java.vendor" value="Oracle Corporation"/>
    <property name="maven.home" value="C:\Program Files\apache-maven-3.3.9\bin\.."/>
    <property name="file.separator" value="\"/>
    <property name="java.vendor.url.bug" value="http://bugreport.sun.com/bugreport/"/>
    <property name="sun.cpu.endian" value="little"/>
    <property name="sun.io.unicode.encoding" value="UnicodeLittle"/>
    <property name="sun.stdout.encoding" value="cp437"/>
    <property name="sun.desktop" value="windows"/>
    <property name="sun.cpu.isalist" value="amd64"/>
  </properties>
  <testcase name="BeforeStories" classname="java.lang.Object" time="0.073"/>
  <testcase name="Given the user is on the Wikionary home page" classname="com.prueba.windows.steps.DefinitionSteps" time="48.509">
    <error message="Could not instantiate class org.openqa.selenium.firefox.FirefoxDriver" type="net.thucydides.core.webdriver.UnsupportedDriverException"><![CDATA[net.thucydides.core.webdriver.UnsupportedDriverException: Could not instantiate class org.openqa.selenium.firefox.FirefoxDriver
	at org.openqa.selenium.firefox.internal.NewProfileExtensionConnection.start(NewProfileExtensionConnection.java:113)
	at org.openqa.selenium.firefox.FirefoxDriver.startClient(FirefoxDriver.java:271)
	at org.openqa.selenium.remote.RemoteWebDriver.<init>(RemoteWebDriver.java:119)
	at org.openqa.selenium.firefox.FirefoxDriver.<init>(FirefoxDriver.java:216)
	at org.openqa.selenium.firefox.FirefoxDriver.<init>(FirefoxDriver.java:211)
	at org.openqa.selenium.firefox.FirefoxDriver.<init>(FirefoxDriver.java:128)
	at net.serenitybdd.core.webdriver.driverproviders.FirefoxDriverProvider.newFirefoxDriver(FirefoxDriverProvider.java:67)
	at net.serenitybdd.core.webdriver.driverproviders.FirefoxDriverProvider.newInstance(FirefoxDriverProvider.java:51)
	at net.thucydides.core.webdriver.WebDriverFactory.newWebdriverInstance(WebDriverFactory.java:125)
	at net.thucydides.core.webdriver.WebDriverFacade.newDriverInstance(WebDriverFacade.java:144)
	at net.thucydides.core.webdriver.WebDriverFacade.newProxyDriver(WebDriverFacade.java:135)
	at net.thucydides.core.webdriver.WebDriverFacade.getProxiedDriver(WebDriverFacade.java:105)
	at net.thucydides.core.webdriver.WebDriverFacade.openIgnoringHtmlUnitScriptErrors(WebDriverFacade.java:180)
	at net.thucydides.core.webdriver.WebDriverFacade.get(WebDriverFacade.java:175)
	at net.serenitybdd.core.pages.PageObject.openPageAtUrl(PageObject.java:829)
	at net.serenitybdd.core.pages.PageObject.open(PageObject.java:739)
	at net.serenitybdd.core.pages.PageObject.open(PageObject.java:727)
	at com.prueba.windows.steps.serenity.EndUserSteps.is_the_home_page(EndUserSteps.java:32)
	at com.prueba.windows.steps.serenity.EndUserSteps$$EnhancerByCGLIB$$52af5920.CGLIB$is_the_home_page$3(<generated>)
	at com.prueba.windows.steps.serenity.EndUserSteps$$EnhancerByCGLIB$$52af5920$$FastClassByCGLIB$$e570f4c2.invoke(<generated>)
	at net.sf.cglib.proxy.MethodProxy.invokeSuper(MethodProxy.java:228)
	at net.thucydides.core.steps.StepInterceptor.invokeMethod(StepInterceptor.java:372)
	at net.thucydides.core.steps.StepInterceptor.executeTestStepMethod(StepInterceptor.java:357)
	at net.thucydides.core.steps.StepInterceptor.runTestStep(StepInterceptor.java:332)
	at net.thucydides.core.steps.StepInterceptor.testStepResult(StepInterceptor.java:134)
	at net.thucydides.core.steps.StepInterceptor.intercept(StepInterceptor.java:61)
	at com.prueba.windows.steps.serenity.EndUserSteps$$EnhancerByCGLIB$$52af5920.is_the_home_page(<generated>)
	at com.prueba.windows.steps.DefinitionSteps.givenTheUserIsOnTheWikionaryHomePage(DefinitionSteps.java:17)
]]></error>
    <system-out><![CDATA[Running story stories/consult_dictionary/LookupADefinition.story
Lookup a definition
(stories/consult_dictionary/LookupADefinition.story)
Narrative:
In order to talk better
As a n English student
I want to look up word definitions
Scenario: Looking up the definition of 'apple'
Using timeout for story LookupADefinition.story of 300 secs.
Given the user is on the Wikionary home page (FAILED)
(net.thucydides.core.webdriver.UnsupportedDriverException: Could not instantiate class org.openqa.selenium.firefox.FirefoxDriver)
]]></system-out>
    <system-err><![CDATA[[pool-1-thread-1] INFO net.serenitybdd.jbehave.embedders.monitors.ReportingEmbedderMonitor - 1190820921story running with path stories/consult_dictionary/LookupADefinition.story
[pool-1-thread-1] INFO net.serenitybdd.core.Serenity - Test Suite Started: Lookup a definition
[pool-1-thread-1] INFO net.serenitybdd.core.Serenity - 
 _____ _____ ____ _____   ____ _____  _    ____ _____ _____ ____  
|_   _| ____/ ___|_   _| / ___|_   _|/ \  |  _ \_   _| ____|  _ \ 
  | | |  _| \___ \ | |   \___ \ | | / _ \ | |_) || | |  _| | | | |
  | | | |___ ___) || |    ___) || |/ ___ \|  _ < | | | |___| |_| |
  |_| |_____|____/ |_|   |____/ |_/_/   \_\_| \_\|_| |_____|____/ 
                                                                  

TEST STARTED: Looking up the definition of 'apple'
-------------------------------------------------------------------
org.openqa.selenium.firefox.NotConnectedException: Unable to connect to host 127.0.0.1 on port 7055 after 45000 ms. Firefox console output:
ion":"The default theme.","creator":"Mozilla","homepageURL":null,"contributors":["Mozilla Contributors"]},"visible":true,"active":true,"userDisabled":false,"appDisabled":false,"descriptor":"C:\\Program Files\\Mozilla Firefox\\browser\\extensions\\{972ce4c6-7e08-4474-a285-3208198ce6fd}.xpi","installDate":1474576289000,"updateDate":1474576289000,"applyBackgroundUpdates":1,"skinnable":true,"size":21905,"sourceURI":null,"releaseNotesURI":null,"softDisabled":false,"foreignInstall":false,"hasBinaryComponents":false,"strictCompatibility":true,"locales":[],"targetApplications":[{"id":"{ec8030f7-c20a-464f-9b0e-13a3a9e97384}","minVersion":"49.0.1","maxVersion":"49.0.1"}],"targetPlatforms":[],"seen":true}
1491856739694	addons.xpi	DEBUG	getModTime: Recursive scan of {972ce4c6-7e08-4474-a285-3208198ce6fd}
1491856739696	DeferredSave.extensions.json	DEBUG	Save changes
1491856739696	addons.xpi	DEBUG	Updating database with changes to installed add-ons
1491856739696	addons.xpi-utils	DEBUG	Updating add-on states
1491856739699	addons.xpi-utils	DEBUG	Writing add-ons list
1491856739702	addons.xpi	DEBUG	Registering manifest for C:\Program Files\Mozilla Firefox\browser\features\e10srollout@mozilla.org.xpi
1491856739703	addons.xpi	DEBUG	Calling bootstrap method startup on e10srollout@mozilla.org version 1.2
1491856739703	addons.xpi	DEBUG	Registering manifest for C:\Program Files\Mozilla Firefox\browser\features\firefox@getpocket.com.xpi
1491856739703	addons.xpi	DEBUG	Calling bootstrap method startup on firefox@getpocket.com version 1.0.4
1491856739704	addons.xpi	DEBUG	Registering manifest for C:\Program Files\Mozilla Firefox\browser\features\webcompat@mozilla.org.xpi
1491856739704	addons.xpi	DEBUG	Calling bootstrap method startup on webcompat@mozilla.org version 1.0
1491856739706	addons.manager	DEBUG	Registering shutdown blocker for XPIProvider
1491856739707	addons.manager	DEBUG	Provider finished startup: XPIProvider
1491856739707	addons.manager	DEBUG	Starting provider: LightweightThemeManager
1491856739707	addons.manager	DEBUG	Registering shutdown blocker for LightweightThemeManager
1491856739707	addons.manager	DEBUG	Provider finished startup: LightweightThemeManager
1491856739707	addons.manager	DEBUG	Starting provider: GMPProvider
1491856739715	addons.manager	DEBUG	Registering shutdown blocker for GMPProvider
1491856739716	addons.manager	DEBUG	Provider finished startup: GMPProvider
1491856739716	addons.manager	DEBUG	Starting provider: PluginProvider
1491856739716	addons.manager	DEBUG	Registering shutdown blocker for PluginProvider
1491856739716	addons.manager	DEBUG	Provider finished startup: PluginProvider
1491856739717	addons.manager	DEBUG	Completed startup sequence
1491856740838	addons.manager	DEBUG	Starting provider: <unnamed-provider>
1491856740838	addons.manager	DEBUG	Registering shutdown blocker for <unnamed-provider>
1491856740838	addons.manager	DEBUG	Provider finished startup: <unnamed-provider>
1491856740840	DeferredSave.extensions.json	DEBUG	Starting write
1491856740999	addons.repository	DEBUG	No addons.json found.
1491856741000	DeferredSave.addons.json	DEBUG	Save changes
1491856741003	DeferredSave.addons.json	DEBUG	Starting timer
1491856741027	addons.manager	DEBUG	Starting provider: PreviousExperimentProvider
1491856741028	addons.manager	DEBUG	Registering shutdown blocker for PreviousExperimentProvider
1491856741028	addons.manager	DEBUG	Provider finished startup: PreviousExperimentProvider
1491856741032	DeferredSave.extensions.json	DEBUG	Write succeeded
1491856741033	addons.xpi-utils	DEBUG	XPI Database saved, setting schema version preference to 17
1491856741056	DeferredSave.addons.json	DEBUG	Starting write
1491856741072	DeferredSave.addons.json	DEBUG	Write succeeded
[Child 8632] WARNING: pipe error: 109: file c:/builds/moz2_slave/m-rel-w64-00000000000000000000/build/src/ipc/chromium/src/chrome/common/ipc_channel_win.cc, line 346
[Child 8632] WARNING: pipe error: 109: file c:/builds/moz2_slave/m-rel-w64-00000000000000000000/build/src/ipc/chromium/src/chrome/common/ipc_channel_win.cc, line 346

	at org.openqa.selenium.firefox.internal.NewProfileExtensionConnection.start(NewProfileExtensionConnection.java:113)
	at org.openqa.selenium.firefox.FirefoxDriver.startClient(FirefoxDriver.java:271)
	at org.openqa.selenium.remote.RemoteWebDriver.<init>(RemoteWebDriver.java:119)
	at org.openqa.selenium.firefox.FirefoxDriver.<init>(FirefoxDriver.java:216)
	at org.openqa.selenium.firefox.FirefoxDriver.<init>(FirefoxDriver.java:211)
	at org.openqa.selenium.firefox.FirefoxDriver.<init>(FirefoxDriver.java:128)
	at net.serenitybdd.core.webdriver.driverproviders.FirefoxDriverProvider.newFirefoxDriver(FirefoxDriverProvider.java:67)
	at net.serenitybdd.core.webdriver.driverproviders.FirefoxDriverProvider.newInstance(FirefoxDriverProvider.java:51)
	at net.thucydides.core.webdriver.WebDriverFactory.newWebdriverInstance(WebDriverFactory.java:125)
	at net.thucydides.core.webdriver.WebDriverFacade.newDriverInstance(WebDriverFacade.java:144)
	at net.thucydides.core.webdriver.WebDriverFacade.newProxyDriver(WebDriverFacade.java:135)
	at net.thucydides.core.webdriver.WebDriverFacade.getProxiedDriver(WebDriverFacade.java:105)
	at net.thucydides.core.webdriver.WebDriverFacade.openIgnoringHtmlUnitScriptErrors(WebDriverFacade.java:180)
	at net.thucydides.core.webdriver.WebDriverFacade.get(WebDriverFacade.java:175)
	at net.serenitybdd.core.pages.PageObject.openPageAtUrl(PageObject.java:829)
	at net.serenitybdd.core.pages.PageObject.open(PageObject.java:739)
	at net.serenitybdd.core.pages.PageObject.open(PageObject.java:727)
	at com.prueba.windows.steps.serenity.EndUserSteps.is_the_home_page(EndUserSteps.java:32)
	at com.prueba.windows.steps.serenity.EndUserSteps$$EnhancerByCGLIB$$52af5920.CGLIB$is_the_home_page$3(<generated>)
	at com.prueba.windows.steps.serenity.EndUserSteps$$EnhancerByCGLIB$$52af5920$$FastClassByCGLIB$$e570f4c2.invoke(<generated>)
	at net.sf.cglib.proxy.MethodProxy.invokeSuper(MethodProxy.java:228)
	at net.thucydides.core.steps.StepInterceptor.invokeMethod(StepInterceptor.java:372)
	at net.thucydides.core.steps.StepInterceptor.executeTestStepMethod(StepInterceptor.java:357)
	at net.thucydides.core.steps.StepInterceptor.runTestStep(StepInterceptor.java:332)
	at net.thucydides.core.steps.StepInterceptor.testStepResult(StepInterceptor.java:134)
	at net.thucydides.core.steps.StepInterceptor.intercept(StepInterceptor.java:61)
	at com.prueba.windows.steps.serenity.EndUserSteps$$EnhancerByCGLIB$$52af5920.is_the_home_page(<generated>)
	at com.prueba.windows.steps.DefinitionSteps.givenTheUserIsOnTheWikionaryHomePage(DefinitionSteps.java:17)
	at sun.reflect.NativeMethodAccessorImpl.invoke0(Native Method)
	at sun.reflect.NativeMethodAccessorImpl.invoke(NativeMethodAccessorImpl.java:62)
	at sun.reflect.DelegatingMethodAccessorImpl.invoke(DelegatingMethodAccessorImpl.java:43)
	at java.lang.reflect.Method.invoke(Method.java:498)
	at org.jbehave.core.steps.StepCreator$ParametrisedStep.perform(StepCreator.java:599)
	at org.jbehave.core.embedder.PerformableTree$FineSoFar.run(PerformableTree.java:340)
	at org.jbehave.core.embedder.PerformableTree$PerformableSteps.perform(PerformableTree.java:1072)
	at org.jbehave.core.embedder.PerformableTree$AbstractPerformableScenario.performRestartableSteps(PerformableTree.java:938)
	at org.jbehave.core.embedder.PerformableTree$NormalPerformableScenario.perform(PerformableTree.java:977)
	at org.jbehave.core.embedder.PerformableTree$PerformableScenario.perform(PerformableTree.java:887)
	at org.jbehave.core.embedder.PerformableTree$PerformableStory.performScenarios(PerformableTree.java:811)
	at org.jbehave.core.embedder.PerformableTree$PerformableStory.perform(PerformableTree.java:784)
	at org.jbehave.core.embedder.PerformableTree.performCancellable(PerformableTree.java:416)
	at org.jbehave.core.embedder.PerformableTree.perform(PerformableTree.java:387)
	at org.jbehave.core.embedder.StoryManager$EnqueuedStory.call(StoryManager.java:291)
	at org.jbehave.core.embedder.StoryManager$EnqueuedStory.call(StoryManager.java:265)
	at java.util.concurrent.FutureTask.run(FutureTask.java:266)
	at java.util.concurrent.ThreadPoolExecutor.runWorker(ThreadPoolExecutor.java:1142)
	at java.util.concurrent.ThreadPoolExecutor$Worker.run(ThreadPoolExecutor.java:617)
	at java.lang.Thread.run(Thread.java:745)
[pool-1-thread-1] ERROR net.thucydides.core.webdriver.WebDriverFacade - FAILED TO CREATE NEW WEBDRIVER_DRIVER INSTANCE class org.openqa.selenium.firefox.FirefoxDriver: Could not instantiate new webdriver instance of type class org.openqa.selenium.firefox.FirefoxDriver (Failed to connect to binary FirefoxBinary(C:\Program Files\Mozilla Firefox\firefox.exe) on port 7055; process output follows: 
ion":"The default theme.","creator":"Mozilla","homepageURL":null,"contributors":["Mozilla Contributors"]},"visible":true,"active":true,"userDisabled":false,"appDisabled":false,"descriptor":"C:\\Program Files\\Mozilla Firefox\\browser\\extensions\\{972ce4c6-7e08-4474-a285-3208198ce6fd}.xpi","installDate":1474576289000,"updateDate":1474576289000,"applyBackgroundUpdates":1,"skinnable":true,"size":21905,"sourceURI":null,"releaseNotesURI":null,"softDisabled":false,"foreignInstall":false,"hasBinaryComponents":false,"strictCompatibility":true,"locales":[],"targetApplications":[{"id":"{ec8030f7-c20a-464f-9b0e-13a3a9e97384}","minVersion":"49.0.1","maxVersion":"49.0.1"}],"targetPlatforms":[],"seen":true}
1491856739694	addons.xpi	DEBUG	getModTime: Recursive scan of {972ce4c6-7e08-4474-a285-3208198ce6fd}
1491856739696	DeferredSave.extensions.json	DEBUG	Save changes
1491856739696	addons.xpi	DEBUG	Updating database with changes to installed add-ons
1491856739696	addons.xpi-utils	DEBUG	Updating add-on states
1491856739699	addons.xpi-utils	DEBUG	Writing add-ons list
1491856739702	addons.xpi	DEBUG	Registering manifest for C:\Program Files\Mozilla Firefox\browser\features\e10srollout@mozilla.org.xpi
1491856739703	addons.xpi	DEBUG	Calling bootstrap method startup on e10srollout@mozilla.org version 1.2
1491856739703	addons.xpi	DEBUG	Registering manifest for C:\Program Files\Mozilla Firefox\browser\features\firefox@getpocket.com.xpi
1491856739703	addons.xpi	DEBUG	Calling bootstrap method startup on firefox@getpocket.com version 1.0.4
1491856739704	addons.xpi	DEBUG	Registering manifest for C:\Program Files\Mozilla Firefox\browser\features\webcompat@mozilla.org.xpi
1491856739704	addons.xpi	DEBUG	Calling bootstrap method startup on webcompat@mozilla.org version 1.0
1491856739706	addons.manager	DEBUG	Registering shutdown blocker for XPIProvider
1491856739707	addons.manager	DEBUG	Provider finished startup: XPIProvider
1491856739707	addons.manager	DEBUG	Starting provider: LightweightThemeManager
1491856739707	addons.manager	DEBUG	Registering shutdown blocker for LightweightThemeManager
1491856739707	addons.manager	DEBUG	Provider finished startup: LightweightThemeManager
1491856739707	addons.manager	DEBUG	Starting provider: GMPProvider
1491856739715	addons.manager	DEBUG	Registering shutdown blocker for GMPProvider
1491856739716	addons.manager	DEBUG	Provider finished startup: GMPProvider
1491856739716	addons.manager	DEBUG	Starting provider: PluginProvider
1491856739716	addons.manager	DEBUG	Registering shutdown blocker for PluginProvider
1491856739716	addons.manager	DEBUG	Provider finished startup: PluginProvider
1491856739717	addons.manager	DEBUG	Completed startup sequence
1491856740838	addons.manager	DEBUG	Starting provider: <unnamed-provider>
1491856740838	addons.manager	DEBUG	Registering shutdown blocker for <unnamed-provider>
1491856740838	addons.manager	DEBUG	Provider finished startup: <unnamed-provider>
1491856740840	DeferredSave.extensions.json	DEBUG	Starting write
1491856740999	addons.repository	DEBUG	No addons.json found.
1491856741000	DeferredSave.addons.json	DEBUG	Save changes
1491856741003	DeferredSave.addons.json	DEBUG	Starting timer
1491856741027	addons.manager	DEBUG	Starting provider: PreviousExperimentProvider
1491856741028	addons.manager	DEBUG	Registering shutdown blocker for PreviousExperimentProvider
1491856741028	addons.manager	DEBUG	Provider finished startup: PreviousExperimentProvider
1491856741032	DeferredSave.extensions.json	DEBUG	Write succeeded
1491856741033	addons.xpi-utils	DEBUG	XPI Database saved, setting schema version preference to 17
1491856741056	DeferredSave.addons.json	DEBUG	Starting write
1491856741072	DeferredSave.addons.json	DEBUG	Write succeeded
[Child 8632] WARNING: pipe error: 109: file c:/builds/moz2_slave/m-rel-w64-00000000000000000000/build/src/ipc/chromium/src/chrome/common/ipc_channel_win.cc, line 346
[Child 8632] WARNING: pipe error: 109: file c:/builds/moz2_slave/m-rel-w64-00000000000000000000/build/src/ipc/chromium/src/chrome/common/ipc_channel_win.cc, line 346

Build info: version: '2.53.1', revision: 'a36b8b1cd5757287168e54b817830adce9b0158d', time: '2016-06-30 19:26:09'
System info: host: 'ascbojvildozo', ip: '192.168.56.1', os.name: 'Windows 10', os.arch: 'amd64', os.version: '10.0', java.version: '1.8.0_121'
Driver info: driver.version: FirefoxDriver
net.thucydides.core.webdriver.UnsupportedDriverException: Could not instantiate new webdriver instance of type class org.openqa.selenium.firefox.FirefoxDriver (Failed to connect to binary FirefoxBinary(C:\Program Files\Mozilla Firefox\firefox.exe) on port 7055; process output follows: 
ion":"The default theme.","creator":"Mozilla","homepageURL":null,"contributors":["Mozilla Contributors"]},"visible":true,"active":true,"userDisabled":false,"appDisabled":false,"descriptor":"C:\\Program Files\\Mozilla Firefox\\browser\\extensions\\{972ce4c6-7e08-4474-a285-3208198ce6fd}.xpi","installDate":1474576289000,"updateDate":1474576289000,"applyBackgroundUpdates":1,"skinnable":true,"size":21905,"sourceURI":null,"releaseNotesURI":null,"softDisabled":false,"foreignInstall":false,"hasBinaryComponents":false,"strictCompatibility":true,"locales":[],"targetApplications":[{"id":"{ec8030f7-c20a-464f-9b0e-13a3a9e97384}","minVersion":"49.0.1","maxVersion":"49.0.1"}],"targetPlatforms":[],"seen":true}
1491856739694	addons.xpi	DEBUG	getModTime: Recursive scan of {972ce4c6-7e08-4474-a285-3208198ce6fd}
1491856739696	DeferredSave.extensions.json	DEBUG	Save changes
1491856739696	addons.xpi	DEBUG	Updating database with changes to installed add-ons
1491856739696	addons.xpi-utils	DEBUG	Updating add-on states
1491856739699	addons.xpi-utils	DEBUG	Writing add-ons list
1491856739702	addons.xpi	DEBUG	Registering manifest for C:\Program Files\Mozilla Firefox\browser\features\e10srollout@mozilla.org.xpi
1491856739703	addons.xpi	DEBUG	Calling bootstrap method startup on e10srollout@mozilla.org version 1.2
1491856739703	addons.xpi	DEBUG	Registering manifest for C:\Program Files\Mozilla Firefox\browser\features\firefox@getpocket.com.xpi
1491856739703	addons.xpi	DEBUG	Calling bootstrap method startup on firefox@getpocket.com version 1.0.4
1491856739704	addons.xpi	DEBUG	Registering manifest for C:\Program Files\Mozilla Firefox\browser\features\webcompat@mozilla.org.xpi
1491856739704	addons.xpi	DEBUG	Calling bootstrap method startup on webcompat@mozilla.org version 1.0
1491856739706	addons.manager	DEBUG	Registering shutdown blocker for XPIProvider
1491856739707	addons.manager	DEBUG	Provider finished startup: XPIProvider
1491856739707	addons.manager	DEBUG	Starting provider: LightweightThemeManager
1491856739707	addons.manager	DEBUG	Registering shutdown blocker for LightweightThemeManager
1491856739707	addons.manager	DEBUG	Provider finished startup: LightweightThemeManager
1491856739707	addons.manager	DEBUG	Starting provider: GMPProvider
1491856739715	addons.manager	DEBUG	Registering shutdown blocker for GMPProvider
1491856739716	addons.manager	DEBUG	Provider finished startup: GMPProvider
1491856739716	addons.manager	DEBUG	Starting provider: PluginProvider
1491856739716	addons.manager	DEBUG	Registering shutdown blocker for PluginProvider
1491856739716	addons.manager	DEBUG	Provider finished startup: PluginProvider
1491856739717	addons.manager	DEBUG	Completed startup sequence
1491856740838	addons.manager	DEBUG	Starting provider: <unnamed-provider>
1491856740838	addons.manager	DEBUG	Registering shutdown blocker for <unnamed-provider>
1491856740838	addons.manager	DEBUG	Provider finished startup: <unnamed-provider>
1491856740840	DeferredSave.extensions.json	DEBUG	Starting write
1491856740999	addons.repository	DEBUG	No addons.json found.
1491856741000	DeferredSave.addons.json	DEBUG	Save changes
1491856741003	DeferredSave.addons.json	DEBUG	Starting timer
1491856741027	addons.manager	DEBUG	Starting provider: PreviousExperimentProvider
1491856741028	addons.manager	DEBUG	Registering shutdown blocker for PreviousExperimentProvider
1491856741028	addons.manager	DEBUG	Provider finished startup: PreviousExperimentProvider
1491856741032	DeferredSave.extensions.json	DEBUG	Write succeeded
1491856741033	addons.xpi-utils	DEBUG	XPI Database saved, setting schema version preference to 17
1491856741056	DeferredSave.addons.json	DEBUG	Starting write
1491856741072	DeferredSave.addons.json	DEBUG	Write succeeded
[Child 8632] WARNING: pipe error: 109: file c:/builds/moz2_slave/m-rel-w64-00000000000000000000/build/src/ipc/chromium/src/chrome/common/ipc_channel_win.cc, line 346
[Child 8632] WARNING: pipe error: 109: file c:/builds/moz2_slave/m-rel-w64-00000000000000000000/build/src/ipc/chromium/src/chrome/common/ipc_channel_win.cc, line 346

Build info: version: '2.53.1', revision: 'a36b8b1cd5757287168e54b817830adce9b0158d', time: '2016-06-30 19:26:09'
System info: host: 'ascbojvildozo', ip: '192.168.56.1', os.name: 'Windows 10', os.arch: 'amd64', os.version: '10.0', java.version: '1.8.0_121'
Driver info: driver.version: FirefoxDriver
	at net.thucydides.core.webdriver.WebDriverFactory.newWebdriverInstance(WebDriverFactory.java:135)
	at net.thucydides.core.webdriver.WebDriverFacade.newDriverInstance(WebDriverFacade.java:144)
	at net.thucydides.core.webdriver.WebDriverFacade.newProxyDriver(WebDriverFacade.java:135)
	at net.thucydides.core.webdriver.WebDriverFacade.getProxiedDriver(WebDriverFacade.java:105)
	at net.thucydides.core.webdriver.WebDriverFacade.openIgnoringHtmlUnitScriptErrors(WebDriverFacade.java:180)
	at net.thucydides.core.webdriver.WebDriverFacade.get(WebDriverFacade.java:175)
	at net.serenitybdd.core.pages.PageObject.openPageAtUrl(PageObject.java:829)
	at net.serenitybdd.core.pages.PageObject.open(PageObject.java:739)
	at net.serenitybdd.core.pages.PageObject.open(PageObject.java:727)
	at com.prueba.windows.steps.serenity.EndUserSteps.is_the_home_page(EndUserSteps.java:32)
	at com.prueba.windows.steps.serenity.EndUserSteps$$EnhancerByCGLIB$$52af5920.CGLIB$is_the_home_page$3(<generated>)
	at com.prueba.windows.steps.serenity.EndUserSteps$$EnhancerByCGLIB$$52af5920$$FastClassByCGLIB$$e570f4c2.invoke(<generated>)
	at net.sf.cglib.proxy.MethodProxy.invokeSuper(MethodProxy.java:228)
	at net.thucydides.core.steps.StepInterceptor.invokeMethod(StepInterceptor.java:372)
	at net.thucydides.core.steps.StepInterceptor.executeTestStepMethod(StepInterceptor.java:357)
	at net.thucydides.core.steps.StepInterceptor.runTestStep(StepInterceptor.java:332)
	at net.thucydides.core.steps.StepInterceptor.testStepResult(StepInterceptor.java:134)
	at net.thucydides.core.steps.StepInterceptor.intercept(StepInterceptor.java:61)
	at com.prueba.windows.steps.serenity.EndUserSteps$$EnhancerByCGLIB$$52af5920.is_the_home_page(<generated>)
	at com.prueba.windows.steps.DefinitionSteps.givenTheUserIsOnTheWikionaryHomePage(DefinitionSteps.java:17)
	at sun.reflect.NativeMethodAccessorImpl.invoke0(Native Method)
	at sun.reflect.NativeMethodAccessorImpl.invoke(NativeMethodAccessorImpl.java:62)
	at sun.reflect.DelegatingMethodAccessorImpl.invoke(DelegatingMethodAccessorImpl.java:43)
	at java.lang.reflect.Method.invoke(Method.java:498)
	at org.jbehave.core.steps.StepCreator$ParametrisedStep.perform(StepCreator.java:599)
	at org.jbehave.core.embedder.PerformableTree$FineSoFar.run(PerformableTree.java:340)
	at org.jbehave.core.embedder.PerformableTree$PerformableSteps.perform(PerformableTree.java:1072)
	at org.jbehave.core.embedder.PerformableTree$AbstractPerformableScenario.performRestartableSteps(PerformableTree.java:938)
	at org.jbehave.core.embedder.PerformableTree$NormalPerformableScenario.perform(PerformableTree.java:977)
	at org.jbehave.core.embedder.PerformableTree$PerformableScenario.perform(PerformableTree.java:887)
	at org.jbehave.core.embedder.PerformableTree$PerformableStory.performScenarios(PerformableTree.java:811)
	at org.jbehave.core.embedder.PerformableTree$PerformableStory.perform(PerformableTree.java:784)
	at org.jbehave.core.embedder.PerformableTree.performCancellable(PerformableTree.java:416)
	at org.jbehave.core.embedder.PerformableTree.perform(PerformableTree.java:387)
	at org.jbehave.core.embedder.StoryManager$EnqueuedStory.call(StoryManager.java:291)
	at org.jbehave.core.embedder.StoryManager$EnqueuedStory.call(StoryManager.java:265)
	at java.util.concurrent.FutureTask.run(FutureTask.java:266)
	at java.util.concurrent.ThreadPoolExecutor.runWorker(ThreadPoolExecutor.java:1142)
	at java.util.concurrent.ThreadPoolExecutor$Worker.run(ThreadPoolExecutor.java:617)
	at java.lang.Thread.run(Thread.java:745)
Caused by: org.openqa.selenium.WebDriverException: Failed to connect to binary FirefoxBinary(C:\Program Files\Mozilla Firefox\firefox.exe) on port 7055; process output follows: 
ion":"The default theme.","creator":"Mozilla","homepageURL":null,"contributors":["Mozilla Contributors"]},"visible":true,"active":true,"userDisabled":false,"appDisabled":false,"descriptor":"C:\\Program Files\\Mozilla Firefox\\browser\\extensions\\{972ce4c6-7e08-4474-a285-3208198ce6fd}.xpi","installDate":1474576289000,"updateDate":1474576289000,"applyBackgroundUpdates":1,"skinnable":true,"size":21905,"sourceURI":null,"releaseNotesURI":null,"softDisabled":false,"foreignInstall":false,"hasBinaryComponents":false,"strictCompatibility":true,"locales":[],"targetApplications":[{"id":"{ec8030f7-c20a-464f-9b0e-13a3a9e97384}","minVersion":"49.0.1","maxVersion":"49.0.1"}],"targetPlatforms":[],"seen":true}
1491856739694	addons.xpi	DEBUG	getModTime: Recursive scan of {972ce4c6-7e08-4474-a285-3208198ce6fd}
1491856739696	DeferredSave.extensions.json	DEBUG	Save changes
1491856739696	addons.xpi	DEBUG	Updating database with changes to installed add-ons
1491856739696	addons.xpi-utils	DEBUG	Updating add-on states
1491856739699	addons.xpi-utils	DEBUG	Writing add-ons list
1491856739702	addons.xpi	DEBUG	Registering manifest for C:\Program Files\Mozilla Firefox\browser\features\e10srollout@mozilla.org.xpi
1491856739703	addons.xpi	DEBUG	Calling bootstrap method startup on e10srollout@mozilla.org version 1.2
1491856739703	addons.xpi	DEBUG	Registering manifest for C:\Program Files\Mozilla Firefox\browser\features\firefox@getpocket.com.xpi
1491856739703	addons.xpi	DEBUG	Calling bootstrap method startup on firefox@getpocket.com version 1.0.4
1491856739704	addons.xpi	DEBUG	Registering manifest for C:\Program Files\Mozilla Firefox\browser\features\webcompat@mozilla.org.xpi
1491856739704	addons.xpi	DEBUG	Calling bootstrap method startup on webcompat@mozilla.org version 1.0
1491856739706	addons.manager	DEBUG	Registering shutdown blocker for XPIProvider
1491856739707	addons.manager	DEBUG	Provider finished startup: XPIProvider
1491856739707	addons.manager	DEBUG	Starting provider: LightweightThemeManager
1491856739707	addons.manager	DEBUG	Registering shutdown blocker for LightweightThemeManager
1491856739707	addons.manager	DEBUG	Provider finished startup: LightweightThemeManager
1491856739707	addons.manager	DEBUG	Starting provider: GMPProvider
1491856739715	addons.manager	DEBUG	Registering shutdown blocker for GMPProvider
1491856739716	addons.manager	DEBUG	Provider finished startup: GMPProvider
1491856739716	addons.manager	DEBUG	Starting provider: PluginProvider
1491856739716	addons.manager	DEBUG	Registering shutdown blocker for PluginProvider
1491856739716	addons.manager	DEBUG	Provider finished startup: PluginProvider
1491856739717	addons.manager	DEBUG	Completed startup sequence
1491856740838	addons.manager	DEBUG	Starting provider: <unnamed-provider>
1491856740838	addons.manager	DEBUG	Registering shutdown blocker for <unnamed-provider>
1491856740838	addons.manager	DEBUG	Provider finished startup: <unnamed-provider>
1491856740840	DeferredSave.extensions.json	DEBUG	Starting write
1491856740999	addons.repository	DEBUG	No addons.json found.
1491856741000	DeferredSave.addons.json	DEBUG	Save changes
1491856741003	DeferredSave.addons.json	DEBUG	Starting timer
1491856741027	addons.manager	DEBUG	Starting provider: PreviousExperimentProvider
1491856741028	addons.manager	DEBUG	Registering shutdown blocker for PreviousExperimentProvider
1491856741028	addons.manager	DEBUG	Provider finished startup: PreviousExperimentProvider
1491856741032	DeferredSave.extensions.json	DEBUG	Write succeeded
1491856741033	addons.xpi-utils	DEBUG	XPI Database saved, setting schema version preference to 17
1491856741056	DeferredSave.addons.json	DEBUG	Starting write
1491856741072	DeferredSave.addons.json	DEBUG	Write succeeded
[Child 8632] WARNING: pipe error: 109: file c:/builds/moz2_slave/m-rel-w64-00000000000000000000/build/src/ipc/chromium/src/chrome/common/ipc_channel_win.cc, line 346
[Child 8632] WARNING: pipe error: 109: file c:/builds/moz2_slave/m-rel-w64-00000000000000000000/build/src/ipc/chromium/src/chrome/common/ipc_channel_win.cc, line 346

Build info: version: '2.53.1', revision: 'a36b8b1cd5757287168e54b817830adce9b0158d', time: '2016-06-30 19:26:09'
System info: host: 'ascbojvildozo', ip: '192.168.56.1', os.name: 'Windows 10', os.arch: 'amd64', os.version: '10.0', java.version: '1.8.0_121'
Driver info: driver.version: FirefoxDriver
	at org.openqa.selenium.firefox.internal.NewProfileExtensionConnection.start(NewProfileExtensionConnection.java:125)
	at org.openqa.selenium.firefox.FirefoxDriver.startClient(FirefoxDriver.java:271)
	at org.openqa.selenium.remote.RemoteWebDriver.<init>(RemoteWebDriver.java:119)
	at org.openqa.selenium.firefox.FirefoxDriver.<init>(FirefoxDriver.java:216)
	at org.openqa.selenium.firefox.FirefoxDriver.<init>(FirefoxDriver.java:211)
	at org.openqa.selenium.firefox.FirefoxDriver.<init>(FirefoxDriver.java:128)
	at net.serenitybdd.core.webdriver.driverproviders.FirefoxDriverProvider.newFirefoxDriver(FirefoxDriverProvider.java:67)
	at net.serenitybdd.core.webdriver.driverproviders.FirefoxDriverProvider.newInstance(FirefoxDriverProvider.java:51)
	at net.thucydides.core.webdriver.WebDriverFactory.newWebdriverInstance(WebDriverFactory.java:125)
	... 39 more
Caused by: org.openqa.selenium.firefox.NotConnectedException: Unable to connect to host 127.0.0.1 on port 7055 after 45000 ms. Firefox console output:
ion":"The default theme.","creator":"Mozilla","homepageURL":null,"contributors":["Mozilla Contributors"]},"visible":true,"active":true,"userDisabled":false,"appDisabled":false,"descriptor":"C:\\Program Files\\Mozilla Firefox\\browser\\extensions\\{972ce4c6-7e08-4474-a285-3208198ce6fd}.xpi","installDate":1474576289000,"updateDate":1474576289000,"applyBackgroundUpdates":1,"skinnable":true,"size":21905,"sourceURI":null,"releaseNotesURI":null,"softDisabled":false,"foreignInstall":false,"hasBinaryComponents":false,"strictCompatibility":true,"locales":[],"targetApplications":[{"id":"{ec8030f7-c20a-464f-9b0e-13a3a9e97384}","minVersion":"49.0.1","maxVersion":"49.0.1"}],"targetPlatforms":[],"seen":true}
1491856739694	addons.xpi	DEBUG	getModTime: Recursive scan of {972ce4c6-7e08-4474-a285-3208198ce6fd}
1491856739696	DeferredSave.extensions.json	DEBUG	Save changes
1491856739696	addons.xpi	DEBUG	Updating database with changes to installed add-ons
1491856739696	addons.xpi-utils	DEBUG	Updating add-on states
1491856739699	addons.xpi-utils	DEBUG	Writing add-ons list
1491856739702	addons.xpi	DEBUG	Registering manifest for C:\Program Files\Mozilla Firefox\browser\features\e10srollout@mozilla.org.xpi
1491856739703	addons.xpi	DEBUG	Calling bootstrap method startup on e10srollout@mozilla.org version 1.2
1491856739703	addons.xpi	DEBUG	Registering manifest for C:\Program Files\Mozilla Firefox\browser\features\firefox@getpocket.com.xpi
1491856739703	addons.xpi	DEBUG	Calling bootstrap method startup on firefox@getpocket.com version 1.0.4
1491856739704	addons.xpi	DEBUG	Registering manifest for C:\Program Files\Mozilla Firefox\browser\features\webcompat@mozilla.org.xpi
1491856739704	addons.xpi	DEBUG	Calling bootstrap method startup on webcompat@mozilla.org version 1.0
1491856739706	addons.manager	DEBUG	Registering shutdown blocker for XPIProvider
1491856739707	addons.manager	DEBUG	Provider finished startup: XPIProvider
1491856739707	addons.manager	DEBUG	Starting provider: LightweightThemeManager
1491856739707	addons.manager	DEBUG	Registering shutdown blocker for LightweightThemeManager
1491856739707	addons.manager	DEBUG	Provider finished startup: LightweightThemeManager
1491856739707	addons.manager	DEBUG	Starting provider: GMPProvider
1491856739715	addons.manager	DEBUG	Registering shutdown blocker for GMPProvider
1491856739716	addons.manager	DEBUG	Provider finished startup: GMPProvider
1491856739716	addons.manager	DEBUG	Starting provider: PluginProvider
1491856739716	addons.manager	DEBUG	Registering shutdown blocker for PluginProvider
1491856739716	addons.manager	DEBUG	Provider finished startup: PluginProvider
1491856739717	addons.manager	DEBUG	Completed startup sequence
1491856740838	addons.manager	DEBUG	Starting provider: <unnamed-provider>
1491856740838	addons.manager	DEBUG	Registering shutdown blocker for <unnamed-provider>
1491856740838	addons.manager	DEBUG	Provider finished startup: <unnamed-provider>
1491856740840	DeferredSave.extensions.json	DEBUG	Starting write
1491856740999	addons.repository	DEBUG	No addons.json found.
1491856741000	DeferredSave.addons.json	DEBUG	Save changes
1491856741003	DeferredSave.addons.json	DEBUG	Starting timer
1491856741027	addons.manager	DEBUG	Starting provider: PreviousExperimentProvider
1491856741028	addons.manager	DEBUG	Registering shutdown blocker for PreviousExperimentProvider
1491856741028	addons.manager	DEBUG	Provider finished startup: PreviousExperimentProvider
1491856741032	DeferredSave.extensions.json	DEBUG	Write succeeded
1491856741033	addons.xpi-utils	DEBUG	XPI Database saved, setting schema version preference to 17
1491856741056	DeferredSave.addons.json	DEBUG	Starting write
1491856741072	DeferredSave.addons.json	DEBUG	Write succeeded
[Child 8632] WARNING: pipe error: 109: file c:/builds/moz2_slave/m-rel-w64-00000000000000000000/build/src/ipc/chromium/src/chrome/common/ipc_channel_win.cc, line 346
[Child 8632] WARNING: pipe error: 109: file c:/builds/moz2_slave/m-rel-w64-00000000000000000000/build/src/ipc/chromium/src/chrome/common/ipc_channel_win.cc, line 346

	at org.openqa.selenium.firefox.internal.NewProfileExtensionConnection.start(NewProfileExtensionConnection.java:113)
	... 47 more
]]></system-err>
  </testcase>
  <testcase name="When the user looks up the definition of the word &apos;apple&apos;" classname="com.prueba.windows.steps.DefinitionSteps" time="0">
    <skipped/>
    <system-out><![CDATA[When the user looks up the definition of the word 'apple' (NOT PERFORMED)
]]></system-out>
  </testcase>
  <testcase name="Then they should see the definition &apos;A common, round fruit produced by the tree Malus domestica, cultivated in temperate climates.&apos;" classname="com.prueba.windows.steps.DefinitionSteps" time="0">
    <skipped/>
    <system-out><![CDATA[Then they should see the definition 'A common, round fruit produced by the tree Malus domestica, cultivated in temperate climates.' (NOT PERFORMED)
]]></system-out>
  </testcase>
  <testcase name="Scenario: Looking up the definition of &apos;apple&apos;" classname="Scenario: Looking up the definition of &apos;apple&apos;" time="48.54">
    <failure message="scenario failed!" type="java.lang.AssertionError">java.lang.AssertionError: scenario failed!
	at de.codecentric.jbehave.junit.monitoring.JUnitScenarioReporter.afterScenario(JUnitScenarioReporter.java:218)
	at org.jbehave.core.reporters.DelegatingStoryReporter.afterScenario(DelegatingStoryReporter.java:43)
	at org.jbehave.core.reporters.ConcurrentStoryReporter.afterScenario(ConcurrentStoryReporter.java:176)
	at org.jbehave.core.embedder.PerformableTree$PerformableScenario.perform(PerformableTree.java:890)
	at org.jbehave.core.embedder.PerformableTree$PerformableStory.performScenarios(PerformableTree.java:811)
	at org.jbehave.core.embedder.PerformableTree$PerformableStory.perform(PerformableTree.java:784)
	at org.jbehave.core.embedder.PerformableTree.performCancellable(PerformableTree.java:416)
	at org.jbehave.core.embedder.PerformableTree.perform(PerformableTree.java:387)
	at org.jbehave.core.embedder.StoryManager$EnqueuedStory.call(StoryManager.java:291)
	at org.jbehave.core.embedder.StoryManager$EnqueuedStory.call(StoryManager.java:265)
	at java.util.concurrent.FutureTask.run(FutureTask.java:266)
	at java.util.concurrent.ThreadPoolExecutor.runWorker(ThreadPoolExecutor.java:1142)
	at java.util.concurrent.ThreadPoolExecutor$Worker.run(ThreadPoolExecutor.java:617)
	at java.lang.Thread.run(Thread.java:745)
</failure>
    <system-out><![CDATA[
net.thucydides.core.webdriver.UnsupportedDriverException: Could not instantiate class org.openqa.selenium.firefox.FirefoxDriver
	at net.thucydides.core.webdriver.WebDriverFacade.newDriverInstance(WebDriverFacade.java:148)
	at net.thucydides.core.webdriver.WebDriverFacade.newProxyDriver(WebDriverFacade.java:135)
	at net.thucydides.core.webdriver.WebDriverFacade.getProxiedDriver(WebDriverFacade.java:105)
	at net.thucydides.core.webdriver.WebDriverFacade.openIgnoringHtmlUnitScriptErrors(WebDriverFacade.java:180)
	at net.thucydides.core.webdriver.WebDriverFacade.get(WebDriverFacade.java:175)
	at net.serenitybdd.core.pages.PageObject.openPageAtUrl(PageObject.java:829)
	at net.serenitybdd.core.pages.PageObject.open(PageObject.java:739)
	at net.serenitybdd.core.pages.PageObject.open(PageObject.java:727)
	at com.prueba.windows.steps.serenity.EndUserSteps.is_the_home_page(EndUserSteps.java:32)
	at com.prueba.windows.steps.serenity.EndUserSteps$$EnhancerByCGLIB$$52af5920.CGLIB$is_the_home_page$3(<generated>)
	at com.prueba.windows.steps.serenity.EndUserSteps$$EnhancerByCGLIB$$52af5920$$FastClassByCGLIB$$e570f4c2.invoke(<generated>)
	at net.sf.cglib.proxy.MethodProxy.invokeSuper(MethodProxy.java:228)
	at net.thucydides.core.steps.StepInterceptor.invokeMethod(StepInterceptor.java:372)
	at net.thucydides.core.steps.StepInterceptor.executeTestStepMethod(StepInterceptor.java:357)
	at net.thucydides.core.steps.StepInterceptor.runTestStep(StepInterceptor.java:332)
	at net.thucydides.core.steps.StepInterceptor.testStepResult(StepInterceptor.java:134)
	at net.thucydides.core.steps.StepInterceptor.intercept(StepInterceptor.java:61)
	at com.prueba.windows.steps.serenity.EndUserSteps$$EnhancerByCGLIB$$52af5920.is_the_home_page(<generated>)
	at com.prueba.windows.steps.DefinitionSteps.givenTheUserIsOnTheWikionaryHomePage(DefinitionSteps.java:17)
	(reflection-invoke)
	at org.jbehave.core.steps.StepCreator$ParametrisedStep.perform(StepCreator.java:599)
	at org.jbehave.core.embedder.PerformableTree$FineSoFar.run(PerformableTree.java:340)
...
]]></system-out>
  </testcase>
  <testcase name="Given the user is on the Wikionary home pageâ€‹" classname="com.prueba.windows.steps.DefinitionSteps" time="46.657">
    <error message="Could not instantiate class org.openqa.selenium.firefox.FirefoxDriver" type="net.thucydides.core.webdriver.UnsupportedDriverException"><![CDATA[net.thucydides.core.webdriver.UnsupportedDriverException: Could not instantiate class org.openqa.selenium.firefox.FirefoxDriver
	at org.openqa.selenium.firefox.internal.NewProfileExtensionConnection.start(NewProfileExtensionConnection.java:113)
	at org.openqa.selenium.firefox.FirefoxDriver.startClient(FirefoxDriver.java:271)
	at org.openqa.selenium.remote.RemoteWebDriver.<init>(RemoteWebDriver.java:119)
	at org.openqa.selenium.firefox.FirefoxDriver.<init>(FirefoxDriver.java:216)
	at org.openqa.selenium.firefox.FirefoxDriver.<init>(FirefoxDriver.java:211)
	at org.openqa.selenium.firefox.FirefoxDriver.<init>(FirefoxDriver.java:128)
	at net.serenitybdd.core.webdriver.driverproviders.FirefoxDriverProvider.newFirefoxDriver(FirefoxDriverProvider.java:67)
	at net.serenitybdd.core.webdriver.driverproviders.FirefoxDriverProvider.newInstance(FirefoxDriverProvider.java:51)
	at net.thucydides.core.webdriver.WebDriverFactory.newWebdriverInstance(WebDriverFactory.java:125)
	at net.thucydides.core.webdriver.WebDriverFacade.newDriverInstance(WebDriverFacade.java:144)
	at net.thucydides.core.webdriver.WebDriverFacade.newProxyDriver(WebDriverFacade.java:135)
	at net.thucydides.core.webdriver.WebDriverFacade.getProxiedDriver(WebDriverFacade.java:105)
	at net.thucydides.core.webdriver.WebDriverFacade.openIgnoringHtmlUnitScriptErrors(WebDriverFacade.java:180)
	at net.thucydides.core.webdriver.WebDriverFacade.get(WebDriverFacade.java:175)
	at net.serenitybdd.core.pages.PageObject.openPageAtUrl(PageObject.java:829)
	at net.serenitybdd.core.pages.PageObject.open(PageObject.java:739)
	at net.serenitybdd.core.pages.PageObject.open(PageObject.java:727)
	at com.prueba.windows.steps.serenity.EndUserSteps.is_the_home_page(EndUserSteps.java:32)
	at com.prueba.windows.steps.serenity.EndUserSteps$$EnhancerByCGLIB$$52af5920.CGLIB$is_the_home_page$3(<generated>)
	at com.prueba.windows.steps.serenity.EndUserSteps$$EnhancerByCGLIB$$52af5920$$FastClassByCGLIB$$e570f4c2.invoke(<generated>)
	at net.sf.cglib.proxy.MethodProxy.invokeSuper(MethodProxy.java:228)
	at net.thucydides.core.steps.StepInterceptor.invokeMethod(StepInterceptor.java:372)
	at net.thucydides.core.steps.StepInterceptor.executeTestStepMethod(StepInterceptor.java:357)
	at net.thucydides.core.steps.StepInterceptor.runTestStep(StepInterceptor.java:332)
	at net.thucydides.core.steps.StepInterceptor.testStepResult(StepInterceptor.java:134)
	at net.thucydides.core.steps.StepInterceptor.intercept(StepInterceptor.java:61)
	at com.prueba.windows.steps.serenity.EndUserSteps$$EnhancerByCGLIB$$52af5920.is_the_home_page(<generated>)
	at com.prueba.windows.steps.DefinitionSteps.givenTheUserIsOnTheWikionaryHomePage(DefinitionSteps.java:17)
]]></error>
    <system-out><![CDATA[Scenario: Looking up the definition of 'pear'
Given the user is on the Wikionary home page (FAILED)
(net.thucydides.core.webdriver.UnsupportedDriverException: Could not instantiate class org.openqa.selenium.firefox.FirefoxDriver)
]]></system-out>
    <system-err><![CDATA[[pool-1-thread-1] ERROR net.serenitybdd.core.Serenity - 
           __  _____ _____ ____ _____   _____ _    ___ _     _____ ____  
  _       / / |_   _| ____/ ___|_   _| |  ___/ \  |_ _| |   | ____|  _ \ 
 (_)_____| |    | | |  _| \___ \ | |   | |_ / _ \  | || |   |  _| | | | |
  _|_____| |    | | | |___ ___) || |   |  _/ ___ \ | || |___| |___| |_| |
 (_)     | |    |_| |_____|____/ |_|   |_|/_/   \_\___|_____|_____|____/ 
          \_\                                                            

TEST FAILED WITH ERROR: Looking up the definition of 'apple'
---------------------------------------------------------------------
[pool-1-thread-1] ERROR net.serenitybdd.core.Serenity - TEST FAILED AT STEP Is the home page
[pool-1-thread-1] ERROR net.serenitybdd.core.Serenity - Could not instantiate class org.openqa.selenium.firefox.FirefoxDriver
[pool-1-thread-1] INFO net.serenitybdd.core.Serenity - 
 _____ _____ ____ _____   ____ _____  _    ____ _____ _____ ____  
|_   _| ____/ ___|_   _| / ___|_   _|/ \  |  _ \_   _| ____|  _ \ 
  | | |  _| \___ \ | |   \___ \ | | / _ \ | |_) || | |  _| | | | |
  | | | |___ ___) || |    ___) || |/ ___ \|  _ < | | | |___| |_| |
  |_| |_____|____/ |_|   |____/ |_/_/   \_\_| \_\|_| |_____|____/ 
                                                                  

TEST STARTED: Looking up the definition of 'pear'
-------------------------------------------------------------------
org.openqa.selenium.firefox.NotConnectedException: Unable to connect to host 127.0.0.1 on port 7055 after 45000 ms. Firefox console output:
getPlatforms":[],"seen":true}
1491856786112	addons.xpi	DEBUG	getModTime: Recursive scan of {972ce4c6-7e08-4474-a285-3208198ce6fd}
1491856786113	DeferredSave.extensions.json	DEBUG	Save changes
1491856786113	addons.xpi	DEBUG	Updating database with changes to installed add-ons
1491856786113	addons.xpi-utils	DEBUG	Updating add-on states
1491856786116	addons.xpi-utils	DEBUG	Writing add-ons list
1491856786119	addons.xpi	DEBUG	Registering manifest for C:\Program Files\Mozilla Firefox\browser\features\e10srollout@mozilla.org.xpi
1491856786119	addons.xpi	DEBUG	Calling bootstrap method startup on e10srollout@mozilla.org version 1.2
1491856786119	addons.xpi	DEBUG	Registering manifest for C:\Program Files\Mozilla Firefox\browser\features\firefox@getpocket.com.xpi
1491856786120	addons.xpi	DEBUG	Calling bootstrap method startup on firefox@getpocket.com version 1.0.4
1491856786121	addons.xpi	DEBUG	Registering manifest for C:\Program Files\Mozilla Firefox\browser\features\webcompat@mozilla.org.xpi
1491856786121	addons.xpi	DEBUG	Calling bootstrap method startup on webcompat@mozilla.org version 1.0
1491856786123	addons.manager	DEBUG	Registering shutdown blocker for XPIProvider
1491856786123	addons.manager	DEBUG	Provider finished startup: XPIProvider
1491856786123	addons.manager	DEBUG	Starting provider: LightweightThemeManager
1491856786124	addons.manager	DEBUG	Registering shutdown blocker for LightweightThemeManager
1491856786124	addons.manager	DEBUG	Provider finished startup: LightweightThemeManager
1491856786124	addons.manager	DEBUG	Starting provider: GMPProvider
1491856786132	addons.manager	DEBUG	Registering shutdown blocker for GMPProvider
1491856786132	addons.manager	DEBUG	Provider finished startup: GMPProvider
1491856786132	addons.manager	DEBUG	Starting provider: PluginProvider
1491856786132	addons.manager	DEBUG	Registering shutdown blocker for PluginProvider
1491856786133	addons.manager	DEBUG	Provider finished startup: PluginProvider
1491856786133	addons.manager	DEBUG	Completed startup sequence
1491856787423	addons.manager	DEBUG	Starting provider: <unnamed-provider>
1491856787423	addons.manager	DEBUG	Registering shutdown blocker for <unnamed-provider>
1491856787424	addons.manager	DEBUG	Provider finished startup: <unnamed-provider>
1491856787425	DeferredSave.extensions.json	DEBUG	Starting write
1491856787597	addons.repository	DEBUG	No addons.json found.
1491856787597	DeferredSave.addons.json	DEBUG	Save changes
1491856787601	DeferredSave.addons.json	DEBUG	Starting timer
1491856787623	addons.manager	DEBUG	Starting provider: PreviousExperimentProvider
1491856787624	addons.manager	DEBUG	Registering shutdown blocker for PreviousExperimentProvider
1491856787624	addons.manager	DEBUG	Provider finished startup: PreviousExperimentProvider
1491856787627	DeferredSave.extensions.json	DEBUG	Write succeeded
1491856787628	addons.xpi-utils	DEBUG	XPI Database saved, setting schema version preference to 17
1491856787660	DeferredSave.addons.json	DEBUG	Starting write
1491856787676	DeferredSave.addons.json	DEBUG	Write succeeded
[Child 9732] WARNING: pipe error: 109: file c:/builds/moz2_slave/m-rel-w64-00000000000000000000/build/src/ipc/chromium/src/chrome/common/ipc_channel_win.cc, line 346
[Child 9732] WARNING: pipe error: 109: file c:/builds/moz2_slave/m-rel-w64-00000000000000000000/build/src/ipc/chromium/src/chrome/common/ipc_channel_win.cc, line 346

###!!! [Child][MessageChannel::SendAndWait] Error: Channel closing: too late to send/recv, messages will be lost

JavaScript error: resource://pdf.js/PdfjsContentUtils.jsm, line 106: TypeError: this._mm.sendSyncMessage(...) is undefined

###!!! [Child][OnMaybeDequeueOne] Error: Channel closing: too late to send/recv, messages will be lost


###!!! [Child][OnMaybeDequeueOne] Error: Channel closing: too late to send/recv, messages will be lost


###!!! [Child][OnMaybeDequeueOne] Error: Channel closing: too late to send/recv, messages will be lost


###!!! [Child][OnMaybeDequeueOne] Error: Channel closing: too late to send/recv, messages will be lost


	at org.openqa.selenium.firefox.internal.NewProfileExtensionConnection.start(NewProfileExtensionConnection.java:113)
	at org.openqa.selenium.firefox.FirefoxDriver.startClient(FirefoxDriver.java:271)
	at org.openqa.selenium.remote.RemoteWebDriver.<init>(RemoteWebDriver.java:119)
	at org.openqa.selenium.firefox.FirefoxDriver.<init>(FirefoxDriver.java:216)
	at org.openqa.selenium.firefox.FirefoxDriver.<init>(FirefoxDriver.java:211)
	at org.openqa.selenium.firefox.FirefoxDriver.<init>(FirefoxDriver.java:128)
	at net.serenitybdd.core.webdriver.driverproviders.FirefoxDriverProvider.newFirefoxDriver(FirefoxDriverProvider.java:67)
	at net.serenitybdd.core.webdriver.driverproviders.FirefoxDriverProvider.newInstance(FirefoxDriverProvider.java:51)
	at net.thucydides.core.webdriver.WebDriverFactory.newWebdriverInstance(WebDriverFactory.java:125)
	at net.thucydides.core.webdriver.WebDriverFacade.newDriverInstance(WebDriverFacade.java:144)
	at net.thucydides.core.webdriver.WebDriverFacade.newProxyDriver(WebDriverFacade.java:135)
	at net.thucydides.core.webdriver.WebDriverFacade.getProxiedDriver(WebDriverFacade.java:105)
	at net.thucydides.core.webdriver.WebDriverFacade.openIgnoringHtmlUnitScriptErrors(WebDriverFacade.java:180)
	at net.thucydides.core.webdriver.WebDriverFacade.get(WebDriverFacade.java:175)
	at net.serenitybdd.core.pages.PageObject.openPageAtUrl(PageObject.java:829)
	at net.serenitybdd.core.pages.PageObject.open(PageObject.java:739)
	at net.serenitybdd.core.pages.PageObject.open(PageObject.java:727)
	at com.prueba.windows.steps.serenity.EndUserSteps.is_the_home_page(EndUserSteps.java:32)
	at com.prueba.windows.steps.serenity.EndUserSteps$$EnhancerByCGLIB$$52af5920.CGLIB$is_the_home_page$3(<generated>)
	at com.prueba.windows.steps.serenity.EndUserSteps$$EnhancerByCGLIB$$52af5920$$FastClassByCGLIB$$e570f4c2.invoke(<generated>)
	at net.sf.cglib.proxy.MethodProxy.invokeSuper(MethodProxy.java:228)
	at net.thucydides.core.steps.StepInterceptor.invokeMethod(StepInterceptor.java:372)
	at net.thucydides.core.steps.StepInterceptor.executeTestStepMethod(StepInterceptor.java:357)
	at net.thucydides.core.steps.StepInterceptor.runTestStep(StepInterceptor.java:332)
	at net.thucydides.core.steps.StepInterceptor.testStepResult(StepInterceptor.java:134)
	at net.thucydides.core.steps.StepInterceptor.intercept(StepInterceptor.java:61)
	at com.prueba.windows.steps.serenity.EndUserSteps$$EnhancerByCGLIB$$52af5920.is_the_home_page(<generated>)
	at com.prueba.windows.steps.DefinitionSteps.givenTheUserIsOnTheWikionaryHomePage(DefinitionSteps.java:17)
	at sun.reflect.NativeMethodAccessorImpl.invoke0(Native Method)
	at sun.reflect.NativeMethodAccessorImpl.invoke(NativeMethodAccessorImpl.java:62)
	at sun.reflect.DelegatingMethodAccessorImpl.invoke(DelegatingMethodAccessorImpl.java:43)
	at java.lang.reflect.Method.invoke(Method.java:498)
	at org.jbehave.core.steps.StepCreator$ParametrisedStep.perform(StepCreator.java:599)
	at org.jbehave.core.embedder.PerformableTree$FineSoFar.run(PerformableTree.java:340)
	at org.jbehave.core.embedder.PerformableTree$PerformableSteps.perform(PerformableTree.java:1072)
	at org.jbehave.core.embedder.PerformableTree$AbstractPerformableScenario.performRestartableSteps(PerformableTree.java:938)
	at org.jbehave.core.embedder.PerformableTree$NormalPerformableScenario.perform(PerformableTree.java:977)
	at org.jbehave.core.embedder.PerformableTree$PerformableScenario.perform(PerformableTree.java:887)
	at org.jbehave.core.embedder.PerformableTree$PerformableStory.performScenarios(PerformableTree.java:811)
	at org.jbehave.core.embedder.PerformableTree$PerformableStory.perform(PerformableTree.java:784)
	at org.jbehave.core.embedder.PerformableTree.performCancellable(PerformableTree.java:416)
	at org.jbehave.core.embedder.PerformableTree.perform(PerformableTree.java:387)
	at org.jbehave.core.embedder.StoryManager$EnqueuedStory.call(StoryManager.java:291)
	at org.jbehave.core.embedder.StoryManager$EnqueuedStory.call(StoryManager.java:265)
	at java.util.concurrent.FutureTask.run(FutureTask.java:266)
	at java.util.concurrent.ThreadPoolExecutor.runWorker(ThreadPoolExecutor.java:1142)
	at java.util.concurrent.ThreadPoolExecutor$Worker.run(ThreadPoolExecutor.java:617)
	at java.lang.Thread.run(Thread.java:745)
[pool-1-thread-1] ERROR net.thucydides.core.webdriver.WebDriverFacade - FAILED TO CREATE NEW WEBDRIVER_DRIVER INSTANCE class org.openqa.selenium.firefox.FirefoxDriver: Could not instantiate new webdriver instance of type class org.openqa.selenium.firefox.FirefoxDriver (Failed to connect to binary FirefoxBinary(C:\Program Files\Mozilla Firefox\firefox.exe) on port 7055; process output follows: 
getPlatforms":[],"seen":true}
1491856786112	addons.xpi	DEBUG	getModTime: Recursive scan of {972ce4c6-7e08-4474-a285-3208198ce6fd}
1491856786113	DeferredSave.extensions.json	DEBUG	Save changes
1491856786113	addons.xpi	DEBUG	Updating database with changes to installed add-ons
1491856786113	addons.xpi-utils	DEBUG	Updating add-on states
1491856786116	addons.xpi-utils	DEBUG	Writing add-ons list
1491856786119	addons.xpi	DEBUG	Registering manifest for C:\Program Files\Mozilla Firefox\browser\features\e10srollout@mozilla.org.xpi
1491856786119	addons.xpi	DEBUG	Calling bootstrap method startup on e10srollout@mozilla.org version 1.2
1491856786119	addons.xpi	DEBUG	Registering manifest for C:\Program Files\Mozilla Firefox\browser\features\firefox@getpocket.com.xpi
1491856786120	addons.xpi	DEBUG	Calling bootstrap method startup on firefox@getpocket.com version 1.0.4
1491856786121	addons.xpi	DEBUG	Registering manifest for C:\Program Files\Mozilla Firefox\browser\features\webcompat@mozilla.org.xpi
1491856786121	addons.xpi	DEBUG	Calling bootstrap method startup on webcompat@mozilla.org version 1.0
1491856786123	addons.manager	DEBUG	Registering shutdown blocker for XPIProvider
1491856786123	addons.manager	DEBUG	Provider finished startup: XPIProvider
1491856786123	addons.manager	DEBUG	Starting provider: LightweightThemeManager
1491856786124	addons.manager	DEBUG	Registering shutdown blocker for LightweightThemeManager
1491856786124	addons.manager	DEBUG	Provider finished startup: LightweightThemeManager
1491856786124	addons.manager	DEBUG	Starting provider: GMPProvider
1491856786132	addons.manager	DEBUG	Registering shutdown blocker for GMPProvider
1491856786132	addons.manager	DEBUG	Provider finished startup: GMPProvider
1491856786132	addons.manager	DEBUG	Starting provider: PluginProvider
1491856786132	addons.manager	DEBUG	Registering shutdown blocker for PluginProvider
1491856786133	addons.manager	DEBUG	Provider finished startup: PluginProvider
1491856786133	addons.manager	DEBUG	Completed startup sequence
1491856787423	addons.manager	DEBUG	Starting provider: <unnamed-provider>
1491856787423	addons.manager	DEBUG	Registering shutdown blocker for <unnamed-provider>
1491856787424	addons.manager	DEBUG	Provider finished startup: <unnamed-provider>
1491856787425	DeferredSave.extensions.json	DEBUG	Starting write
1491856787597	addons.repository	DEBUG	No addons.json found.
1491856787597	DeferredSave.addons.json	DEBUG	Save changes
1491856787601	DeferredSave.addons.json	DEBUG	Starting timer
1491856787623	addons.manager	DEBUG	Starting provider: PreviousExperimentProvider
1491856787624	addons.manager	DEBUG	Registering shutdown blocker for PreviousExperimentProvider
1491856787624	addons.manager	DEBUG	Provider finished startup: PreviousExperimentProvider
1491856787627	DeferredSave.extensions.json	DEBUG	Write succeeded
1491856787628	addons.xpi-utils	DEBUG	XPI Database saved, setting schema version preference to 17
1491856787660	DeferredSave.addons.json	DEBUG	Starting write
1491856787676	DeferredSave.addons.json	DEBUG	Write succeeded
[Child 9732] WARNING: pipe error: 109: file c:/builds/moz2_slave/m-rel-w64-00000000000000000000/build/src/ipc/chromium/src/chrome/common/ipc_channel_win.cc, line 346
[Child 9732] WARNING: pipe error: 109: file c:/builds/moz2_slave/m-rel-w64-00000000000000000000/build/src/ipc/chromium/src/chrome/common/ipc_channel_win.cc, line 346

###!!! [Child][MessageChannel::SendAndWait] Error: Channel closing: too late to send/recv, messages will be lost

JavaScript error: resource://pdf.js/PdfjsContentUtils.jsm, line 106: TypeError: this._mm.sendSyncMessage(...) is undefined

###!!! [Child][OnMaybeDequeueOne] Error: Channel closing: too late to send/recv, messages will be lost


###!!! [Child][OnMaybeDequeueOne] Error: Channel closing: too late to send/recv, messages will be lost


###!!! [Child][OnMaybeDequeueOne] Error: Channel closing: too late to send/recv, messages will be lost


###!!! [Child][OnMaybeDequeueOne] Error: Channel closing: too late to send/recv, messages will be lost


Build info: version: '2.53.1', revision: 'a36b8b1cd5757287168e54b817830adce9b0158d', time: '2016-06-30 19:26:09'
System info: host: 'ascbojvildozo', ip: '192.168.56.1', os.name: 'Windows 10', os.arch: 'amd64', os.version: '10.0', java.version: '1.8.0_121'
Driver info: driver.version: FirefoxDriver
net.thucydides.core.webdriver.UnsupportedDriverException: Could not instantiate new webdriver instance of type class org.openqa.selenium.firefox.FirefoxDriver (Failed to connect to binary FirefoxBinary(C:\Program Files\Mozilla Firefox\firefox.exe) on port 7055; process output follows: 
getPlatforms":[],"seen":true}
1491856786112	addons.xpi	DEBUG	getModTime: Recursive scan of {972ce4c6-7e08-4474-a285-3208198ce6fd}
1491856786113	DeferredSave.extensions.json	DEBUG	Save changes
1491856786113	addons.xpi	DEBUG	Updating database with changes to installed add-ons
1491856786113	addons.xpi-utils	DEBUG	Updating add-on states
1491856786116	addons.xpi-utils	DEBUG	Writing add-ons list
1491856786119	addons.xpi	DEBUG	Registering manifest for C:\Program Files\Mozilla Firefox\browser\features\e10srollout@mozilla.org.xpi
1491856786119	addons.xpi	DEBUG	Calling bootstrap method startup on e10srollout@mozilla.org version 1.2
1491856786119	addons.xpi	DEBUG	Registering manifest for C:\Program Files\Mozilla Firefox\browser\features\firefox@getpocket.com.xpi
1491856786120	addons.xpi	DEBUG	Calling bootstrap method startup on firefox@getpocket.com version 1.0.4
1491856786121	addons.xpi	DEBUG	Registering manifest for C:\Program Files\Mozilla Firefox\browser\features\webcompat@mozilla.org.xpi
1491856786121	addons.xpi	DEBUG	Calling bootstrap method startup on webcompat@mozilla.org version 1.0
1491856786123	addons.manager	DEBUG	Registering shutdown blocker for XPIProvider
1491856786123	addons.manager	DEBUG	Provider finished startup: XPIProvider
1491856786123	addons.manager	DEBUG	Starting provider: LightweightThemeManager
1491856786124	addons.manager	DEBUG	Registering shutdown blocker for LightweightThemeManager
1491856786124	addons.manager	DEBUG	Provider finished startup: LightweightThemeManager
1491856786124	addons.manager	DEBUG	Starting provider: GMPProvider
1491856786132	addons.manager	DEBUG	Registering shutdown blocker for GMPProvider
1491856786132	addons.manager	DEBUG	Provider finished startup: GMPProvider
1491856786132	addons.manager	DEBUG	Starting provider: PluginProvider
1491856786132	addons.manager	DEBUG	Registering shutdown blocker for PluginProvider
1491856786133	addons.manager	DEBUG	Provider finished startup: PluginProvider
1491856786133	addons.manager	DEBUG	Completed startup sequence
1491856787423	addons.manager	DEBUG	Starting provider: <unnamed-provider>
1491856787423	addons.manager	DEBUG	Registering shutdown blocker for <unnamed-provider>
1491856787424	addons.manager	DEBUG	Provider finished startup: <unnamed-provider>
1491856787425	DeferredSave.extensions.json	DEBUG	Starting write
1491856787597	addons.repository	DEBUG	No addons.json found.
1491856787597	DeferredSave.addons.json	DEBUG	Save changes
1491856787601	DeferredSave.addons.json	DEBUG	Starting timer
1491856787623	addons.manager	DEBUG	Starting provider: PreviousExperimentProvider
1491856787624	addons.manager	DEBUG	Registering shutdown blocker for PreviousExperimentProvider
1491856787624	addons.manager	DEBUG	Provider finished startup: PreviousExperimentProvider
1491856787627	DeferredSave.extensions.json	DEBUG	Write succeeded
1491856787628	addons.xpi-utils	DEBUG	XPI Database saved, setting schema version preference to 17
1491856787660	DeferredSave.addons.json	DEBUG	Starting write
1491856787676	DeferredSave.addons.json	DEBUG	Write succeeded
[Child 9732] WARNING: pipe error: 109: file c:/builds/moz2_slave/m-rel-w64-00000000000000000000/build/src/ipc/chromium/src/chrome/common/ipc_channel_win.cc, line 346
[Child 9732] WARNING: pipe error: 109: file c:/builds/moz2_slave/m-rel-w64-00000000000000000000/build/src/ipc/chromium/src/chrome/common/ipc_channel_win.cc, line 346

###!!! [Child][MessageChannel::SendAndWait] Error: Channel closing: too late to send/recv, messages will be lost

JavaScript error: resource://pdf.js/PdfjsContentUtils.jsm, line 106: TypeError: this._mm.sendSyncMessage(...) is undefined

###!!! [Child][OnMaybeDequeueOne] Error: Channel closing: too late to send/recv, messages will be lost


###!!! [Child][OnMaybeDequeueOne] Error: Channel closing: too late to send/recv, messages will be lost


###!!! [Child][OnMaybeDequeueOne] Error: Channel closing: too late to send/recv, messages will be lost


###!!! [Child][OnMaybeDequeueOne] Error: Channel closing: too late to send/recv, messages will be lost


Build info: version: '2.53.1', revision: 'a36b8b1cd5757287168e54b817830adce9b0158d', time: '2016-06-30 19:26:09'
System info: host: 'ascbojvildozo', ip: '192.168.56.1', os.name: 'Windows 10', os.arch: 'amd64', os.version: '10.0', java.version: '1.8.0_121'
Driver info: driver.version: FirefoxDriver
	at net.thucydides.core.webdriver.WebDriverFactory.newWebdriverInstance(WebDriverFactory.java:135)
	at net.thucydides.core.webdriver.WebDriverFacade.newDriverInstance(WebDriverFacade.java:144)
	at net.thucydides.core.webdriver.WebDriverFacade.newProxyDriver(WebDriverFacade.java:135)
	at net.thucydides.core.webdriver.WebDriverFacade.getProxiedDriver(WebDriverFacade.java:105)
	at net.thucydides.core.webdriver.WebDriverFacade.openIgnoringHtmlUnitScriptErrors(WebDriverFacade.java:180)
	at net.thucydides.core.webdriver.WebDriverFacade.get(WebDriverFacade.java:175)
	at net.serenitybdd.core.pages.PageObject.openPageAtUrl(PageObject.java:829)
	at net.serenitybdd.core.pages.PageObject.open(PageObject.java:739)
	at net.serenitybdd.core.pages.PageObject.open(PageObject.java:727)
	at com.prueba.windows.steps.serenity.EndUserSteps.is_the_home_page(EndUserSteps.java:32)
	at com.prueba.windows.steps.serenity.EndUserSteps$$EnhancerByCGLIB$$52af5920.CGLIB$is_the_home_page$3(<generated>)
	at com.prueba.windows.steps.serenity.EndUserSteps$$EnhancerByCGLIB$$52af5920$$FastClassByCGLIB$$e570f4c2.invoke(<generated>)
	at net.sf.cglib.proxy.MethodProxy.invokeSuper(MethodProxy.java:228)
	at net.thucydides.core.steps.StepInterceptor.invokeMethod(StepInterceptor.java:372)
	at net.thucydides.core.steps.StepInterceptor.executeTestStepMethod(StepInterceptor.java:357)
	at net.thucydides.core.steps.StepInterceptor.runTestStep(StepInterceptor.java:332)
	at net.thucydides.core.steps.StepInterceptor.testStepResult(StepInterceptor.java:134)
	at net.thucydides.core.steps.StepInterceptor.intercept(StepInterceptor.java:61)
	at com.prueba.windows.steps.serenity.EndUserSteps$$EnhancerByCGLIB$$52af5920.is_the_home_page(<generated>)
	at com.prueba.windows.steps.DefinitionSteps.givenTheUserIsOnTheWikionaryHomePage(DefinitionSteps.java:17)
	at sun.reflect.NativeMethodAccessorImpl.invoke0(Native Method)
	at sun.reflect.NativeMethodAccessorImpl.invoke(NativeMethodAccessorImpl.java:62)
	at sun.reflect.DelegatingMethodAccessorImpl.invoke(DelegatingMethodAccessorImpl.java:43)
	at java.lang.reflect.Method.invoke(Method.java:498)
	at org.jbehave.core.steps.StepCreator$ParametrisedStep.perform(StepCreator.java:599)
	at org.jbehave.core.embedder.PerformableTree$FineSoFar.run(PerformableTree.java:340)
	at org.jbehave.core.embedder.PerformableTree$PerformableSteps.perform(PerformableTree.java:1072)
	at org.jbehave.core.embedder.PerformableTree$AbstractPerformableScenario.performRestartableSteps(PerformableTree.java:938)
	at org.jbehave.core.embedder.PerformableTree$NormalPerformableScenario.perform(PerformableTree.java:977)
	at org.jbehave.core.embedder.PerformableTree$PerformableScenario.perform(PerformableTree.java:887)
	at org.jbehave.core.embedder.PerformableTree$PerformableStory.performScenarios(PerformableTree.java:811)
	at org.jbehave.core.embedder.PerformableTree$PerformableStory.perform(PerformableTree.java:784)
	at org.jbehave.core.embedder.PerformableTree.performCancellable(PerformableTree.java:416)
	at org.jbehave.core.embedder.PerformableTree.perform(PerformableTree.java:387)
	at org.jbehave.core.embedder.StoryManager$EnqueuedStory.call(StoryManager.java:291)
	at org.jbehave.core.embedder.StoryManager$EnqueuedStory.call(StoryManager.java:265)
	at java.util.concurrent.FutureTask.run(FutureTask.java:266)
	at java.util.concurrent.ThreadPoolExecutor.runWorker(ThreadPoolExecutor.java:1142)
	at java.util.concurrent.ThreadPoolExecutor$Worker.run(ThreadPoolExecutor.java:617)
	at java.lang.Thread.run(Thread.java:745)
Caused by: org.openqa.selenium.WebDriverException: Failed to connect to binary FirefoxBinary(C:\Program Files\Mozilla Firefox\firefox.exe) on port 7055; process output follows: 
getPlatforms":[],"seen":true}
1491856786112	addons.xpi	DEBUG	getModTime: Recursive scan of {972ce4c6-7e08-4474-a285-3208198ce6fd}
1491856786113	DeferredSave.extensions.json	DEBUG	Save changes
1491856786113	addons.xpi	DEBUG	Updating database with changes to installed add-ons
1491856786113	addons.xpi-utils	DEBUG	Updating add-on states
1491856786116	addons.xpi-utils	DEBUG	Writing add-ons list
1491856786119	addons.xpi	DEBUG	Registering manifest for C:\Program Files\Mozilla Firefox\browser\features\e10srollout@mozilla.org.xpi
1491856786119	addons.xpi	DEBUG	Calling bootstrap method startup on e10srollout@mozilla.org version 1.2
1491856786119	addons.xpi	DEBUG	Registering manifest for C:\Program Files\Mozilla Firefox\browser\features\firefox@getpocket.com.xpi
1491856786120	addons.xpi	DEBUG	Calling bootstrap method startup on firefox@getpocket.com version 1.0.4
1491856786121	addons.xpi	DEBUG	Registering manifest for C:\Program Files\Mozilla Firefox\browser\features\webcompat@mozilla.org.xpi
1491856786121	addons.xpi	DEBUG	Calling bootstrap method startup on webcompat@mozilla.org version 1.0
1491856786123	addons.manager	DEBUG	Registering shutdown blocker for XPIProvider
1491856786123	addons.manager	DEBUG	Provider finished startup: XPIProvider
1491856786123	addons.manager	DEBUG	Starting provider: LightweightThemeManager
1491856786124	addons.manager	DEBUG	Registering shutdown blocker for LightweightThemeManager
1491856786124	addons.manager	DEBUG	Provider finished startup: LightweightThemeManager
1491856786124	addons.manager	DEBUG	Starting provider: GMPProvider
1491856786132	addons.manager	DEBUG	Registering shutdown blocker for GMPProvider
1491856786132	addons.manager	DEBUG	Provider finished startup: GMPProvider
1491856786132	addons.manager	DEBUG	Starting provider: PluginProvider
1491856786132	addons.manager	DEBUG	Registering shutdown blocker for PluginProvider
1491856786133	addons.manager	DEBUG	Provider finished startup: PluginProvider
1491856786133	addons.manager	DEBUG	Completed startup sequence
1491856787423	addons.manager	DEBUG	Starting provider: <unnamed-provider>
1491856787423	addons.manager	DEBUG	Registering shutdown blocker for <unnamed-provider>
1491856787424	addons.manager	DEBUG	Provider finished startup: <unnamed-provider>
1491856787425	DeferredSave.extensions.json	DEBUG	Starting write
1491856787597	addons.repository	DEBUG	No addons.json found.
1491856787597	DeferredSave.addons.json	DEBUG	Save changes
1491856787601	DeferredSave.addons.json	DEBUG	Starting timer
1491856787623	addons.manager	DEBUG	Starting provider: PreviousExperimentProvider
1491856787624	addons.manager	DEBUG	Registering shutdown blocker for PreviousExperimentProvider
1491856787624	addons.manager	DEBUG	Provider finished startup: PreviousExperimentProvider
1491856787627	DeferredSave.extensions.json	DEBUG	Write succeeded
1491856787628	addons.xpi-utils	DEBUG	XPI Database saved, setting schema version preference to 17
1491856787660	DeferredSave.addons.json	DEBUG	Starting write
1491856787676	DeferredSave.addons.json	DEBUG	Write succeeded
[Child 9732] WARNING: pipe error: 109: file c:/builds/moz2_slave/m-rel-w64-00000000000000000000/build/src/ipc/chromium/src/chrome/common/ipc_channel_win.cc, line 346
[Child 9732] WARNING: pipe error: 109: file c:/builds/moz2_slave/m-rel-w64-00000000000000000000/build/src/ipc/chromium/src/chrome/common/ipc_channel_win.cc, line 346

###!!! [Child][MessageChannel::SendAndWait] Error: Channel closing: too late to send/recv, messages will be lost

JavaScript error: resource://pdf.js/PdfjsContentUtils.jsm, line 106: TypeError: this._mm.sendSyncMessage(...) is undefined

###!!! [Child][OnMaybeDequeueOne] Error: Channel closing: too late to send/recv, messages will be lost


###!!! [Child][OnMaybeDequeueOne] Error: Channel closing: too late to send/recv, messages will be lost


###!!! [Child][OnMaybeDequeueOne] Error: Channel closing: too late to send/recv, messages will be lost


###!!! [Child][OnMaybeDequeueOne] Error: Channel closing: too late to send/recv, messages will be lost


Build info: version: '2.53.1', revision: 'a36b8b1cd5757287168e54b817830adce9b0158d', time: '2016-06-30 19:26:09'
System info: host: 'ascbojvildozo', ip: '192.168.56.1', os.name: 'Windows 10', os.arch: 'amd64', os.version: '10.0', java.version: '1.8.0_121'
Driver info: driver.version: FirefoxDriver
	at org.openqa.selenium.firefox.internal.NewProfileExtensionConnection.start(NewProfileExtensionConnection.java:125)
	at org.openqa.selenium.firefox.FirefoxDriver.startClient(FirefoxDriver.java:271)
	at org.openqa.selenium.remote.RemoteWebDriver.<init>(RemoteWebDriver.java:119)
	at org.openqa.selenium.firefox.FirefoxDriver.<init>(FirefoxDriver.java:216)
	at org.openqa.selenium.firefox.FirefoxDriver.<init>(FirefoxDriver.java:211)
	at org.openqa.selenium.firefox.FirefoxDriver.<init>(FirefoxDriver.java:128)
	at net.serenitybdd.core.webdriver.driverproviders.FirefoxDriverProvider.newFirefoxDriver(FirefoxDriverProvider.java:67)
	at net.serenitybdd.core.webdriver.driverproviders.FirefoxDriverProvider.newInstance(FirefoxDriverProvider.java:51)
	at net.thucydides.core.webdriver.WebDriverFactory.newWebdriverInstance(WebDriverFactory.java:125)
	... 39 more
Caused by: org.openqa.selenium.firefox.NotConnectedException: Unable to connect to host 127.0.0.1 on port 7055 after 45000 ms. Firefox console output:
getPlatforms":[],"seen":true}
1491856786112	addons.xpi	DEBUG	getModTime: Recursive scan of {972ce4c6-7e08-4474-a285-3208198ce6fd}
1491856786113	DeferredSave.extensions.json	DEBUG	Save changes
1491856786113	addons.xpi	DEBUG	Updating database with changes to installed add-ons
1491856786113	addons.xpi-utils	DEBUG	Updating add-on states
1491856786116	addons.xpi-utils	DEBUG	Writing add-ons list
1491856786119	addons.xpi	DEBUG	Registering manifest for C:\Program Files\Mozilla Firefox\browser\features\e10srollout@mozilla.org.xpi
1491856786119	addons.xpi	DEBUG	Calling bootstrap method startup on e10srollout@mozilla.org version 1.2
1491856786119	addons.xpi	DEBUG	Registering manifest for C:\Program Files\Mozilla Firefox\browser\features\firefox@getpocket.com.xpi
1491856786120	addons.xpi	DEBUG	Calling bootstrap method startup on firefox@getpocket.com version 1.0.4
1491856786121	addons.xpi	DEBUG	Registering manifest for C:\Program Files\Mozilla Firefox\browser\features\webcompat@mozilla.org.xpi
1491856786121	addons.xpi	DEBUG	Calling bootstrap method startup on webcompat@mozilla.org version 1.0
1491856786123	addons.manager	DEBUG	Registering shutdown blocker for XPIProvider
1491856786123	addons.manager	DEBUG	Provider finished startup: XPIProvider
1491856786123	addons.manager	DEBUG	Starting provider: LightweightThemeManager
1491856786124	addons.manager	DEBUG	Registering shutdown blocker for LightweightThemeManager
1491856786124	addons.manager	DEBUG	Provider finished startup: LightweightThemeManager
1491856786124	addons.manager	DEBUG	Starting provider: GMPProvider
1491856786132	addons.manager	DEBUG	Registering shutdown blocker for GMPProvider
1491856786132	addons.manager	DEBUG	Provider finished startup: GMPProvider
1491856786132	addons.manager	DEBUG	Starting provider: PluginProvider
1491856786132	addons.manager	DEBUG	Registering shutdown blocker for PluginProvider
1491856786133	addons.manager	DEBUG	Provider finished startup: PluginProvider
1491856786133	addons.manager	DEBUG	Completed startup sequence
1491856787423	addons.manager	DEBUG	Starting provider: <unnamed-provider>
1491856787423	addons.manager	DEBUG	Registering shutdown blocker for <unnamed-provider>
1491856787424	addons.manager	DEBUG	Provider finished startup: <unnamed-provider>
1491856787425	DeferredSave.extensions.json	DEBUG	Starting write
1491856787597	addons.repository	DEBUG	No addons.json found.
1491856787597	DeferredSave.addons.json	DEBUG	Save changes
1491856787601	DeferredSave.addons.json	DEBUG	Starting timer
1491856787623	addons.manager	DEBUG	Starting provider: PreviousExperimentProvider
1491856787624	addons.manager	DEBUG	Registering shutdown blocker for PreviousExperimentProvider
1491856787624	addons.manager	DEBUG	Provider finished startup: PreviousExperimentProvider
1491856787627	DeferredSave.extensions.json	DEBUG	Write succeeded
1491856787628	addons.xpi-utils	DEBUG	XPI Database saved, setting schema version preference to 17
1491856787660	DeferredSave.addons.json	DEBUG	Starting write
1491856787676	DeferredSave.addons.json	DEBUG	Write succeeded
[Child 9732] WARNING: pipe error: 109: file c:/builds/moz2_slave/m-rel-w64-00000000000000000000/build/src/ipc/chromium/src/chrome/common/ipc_channel_win.cc, line 346
[Child 9732] WARNING: pipe error: 109: file c:/builds/moz2_slave/m-rel-w64-00000000000000000000/build/src/ipc/chromium/src/chrome/common/ipc_channel_win.cc, line 346

###!!! [Child][MessageChannel::SendAndWait] Error: Channel closing: too late to send/recv, messages will be lost

JavaScript error: resource://pdf.js/PdfjsContentUtils.jsm, line 106: TypeError: this._mm.sendSyncMessage(...) is undefined

###!!! [Child][OnMaybeDequeueOne] Error: Channel closing: too late to send/recv, messages will be lost


###!!! [Child][OnMaybeDequeueOne] Error: Channel closing: too late to send/recv, messages will be lost


###!!! [Child][OnMaybeDequeueOne] Error: Channel closing: too late to send/recv, messages will be lost


###!!! [Child][OnMaybeDequeueOne] Error: Channel closing: too late to send/recv, messages will be lost


	at org.openqa.selenium.firefox.internal.NewProfileExtensionConnection.start(NewProfileExtensionConnection.java:113)
	... 47 more
]]></system-err>
  </testcase>
  <testcase name="When the user looks up the definition of the word &apos;pear&apos;" classname="com.prueba.windows.steps.DefinitionSteps" time="0">
    <skipped/>
    <system-out><![CDATA[When the user looks up the definition of the word 'pear' (NOT PERFORMED)
]]></system-out>
  </testcase>
  <testcase name="Then they should see the definition &apos;An edible fruit produced by the pear tree, similar to an apple but elongated towards the stem.&apos;" classname="com.prueba.windows.steps.DefinitionSteps" time="0">
    <skipped/>
    <system-out><![CDATA[Then they should see the definition 'An edible fruit produced by the pear tree, similar to an apple but elongated towards the stem.' (NOT PERFORMED)
]]></system-out>
  </testcase>
  <testcase name="Scenario: Looking up the definition of &apos;pear&apos;" classname="Scenario: Looking up the definition of &apos;pear&apos;" time="46.664">
    <failure message="scenario failed!" type="java.lang.AssertionError">java.lang.AssertionError: scenario failed!
	at de.codecentric.jbehave.junit.monitoring.JUnitScenarioReporter.afterScenario(JUnitScenarioReporter.java:218)
	at org.jbehave.core.reporters.DelegatingStoryReporter.afterScenario(DelegatingStoryReporter.java:43)
	at org.jbehave.core.reporters.ConcurrentStoryReporter.afterScenario(ConcurrentStoryReporter.java:176)
	at org.jbehave.core.embedder.PerformableTree$PerformableScenario.perform(PerformableTree.java:890)
	at org.jbehave.core.embedder.PerformableTree$PerformableStory.performScenarios(PerformableTree.java:811)
	at org.jbehave.core.embedder.PerformableTree$PerformableStory.perform(PerformableTree.java:784)
	at org.jbehave.core.embedder.PerformableTree.performCancellable(PerformableTree.java:416)
	at org.jbehave.core.embedder.PerformableTree.perform(PerformableTree.java:387)
	at org.jbehave.core.embedder.StoryManager$EnqueuedStory.call(StoryManager.java:291)
	at org.jbehave.core.embedder.StoryManager$EnqueuedStory.call(StoryManager.java:265)
	at java.util.concurrent.FutureTask.run(FutureTask.java:266)
	at java.util.concurrent.ThreadPoolExecutor.runWorker(ThreadPoolExecutor.java:1142)
	at java.util.concurrent.ThreadPoolExecutor$Worker.run(ThreadPoolExecutor.java:617)
	at java.lang.Thread.run(Thread.java:745)
</failure>
    <system-out><![CDATA[
net.thucydides.core.webdriver.UnsupportedDriverException: Could not instantiate class org.openqa.selenium.firefox.FirefoxDriver
	at net.thucydides.core.webdriver.WebDriverFacade.newDriverInstance(WebDriverFacade.java:148)
	at net.thucydides.core.webdriver.WebDriverFacade.newProxyDriver(WebDriverFacade.java:135)
	at net.thucydides.core.webdriver.WebDriverFacade.getProxiedDriver(WebDriverFacade.java:105)
	at net.thucydides.core.webdriver.WebDriverFacade.openIgnoringHtmlUnitScriptErrors(WebDriverFacade.java:180)
	at net.thucydides.core.webdriver.WebDriverFacade.get(WebDriverFacade.java:175)
	at net.serenitybdd.core.pages.PageObject.openPageAtUrl(PageObject.java:829)
	at net.serenitybdd.core.pages.PageObject.open(PageObject.java:739)
	at net.serenitybdd.core.pages.PageObject.open(PageObject.java:727)
	at com.prueba.windows.steps.serenity.EndUserSteps.is_the_home_page(EndUserSteps.java:32)
	at com.prueba.windows.steps.serenity.EndUserSteps$$EnhancerByCGLIB$$52af5920.CGLIB$is_the_home_page$3(<generated>)
	at com.prueba.windows.steps.serenity.EndUserSteps$$EnhancerByCGLIB$$52af5920$$FastClassByCGLIB$$e570f4c2.invoke(<generated>)
	at net.sf.cglib.proxy.MethodProxy.invokeSuper(MethodProxy.java:228)
	at net.thucydides.core.steps.StepInterceptor.invokeMethod(StepInterceptor.java:372)
	at net.thucydides.core.steps.StepInterceptor.executeTestStepMethod(StepInterceptor.java:357)
	at net.thucydides.core.steps.StepInterceptor.runTestStep(StepInterceptor.java:332)
	at net.thucydides.core.steps.StepInterceptor.testStepResult(StepInterceptor.java:134)
	at net.thucydides.core.steps.StepInterceptor.intercept(StepInterceptor.java:61)
	at com.prueba.windows.steps.serenity.EndUserSteps$$EnhancerByCGLIB$$52af5920.is_the_home_page(<generated>)
	at com.prueba.windows.steps.DefinitionSteps.givenTheUserIsOnTheWikionaryHomePage(DefinitionSteps.java:17)
	(reflection-invoke)
	at org.jbehave.core.steps.StepCreator$ParametrisedStep.perform(StepCreator.java:599)
	at org.jbehave.core.embedder.PerformableTree$FineSoFar.run(PerformableTree.java:340)
...
]]></system-out>
  </testcase>
  <testcase name="LookupADefinition.story" classname="LookupADefinition.story" time="46.671">
    <failure message="story failed!" type="java.lang.AssertionError">java.lang.AssertionError: story failed!
	at de.codecentric.jbehave.junit.monitoring.JUnitScenarioReporter.afterStory(JUnitScenarioReporter.java:143)
	at org.jbehave.core.reporters.DelegatingStoryReporter.afterStory(DelegatingStoryReporter.java:49)
	at org.jbehave.core.reporters.ConcurrentStoryReporter.afterStory(ConcurrentStoryReporter.java:122)
	at org.jbehave.core.embedder.PerformableTree$PerformableStory.perform(PerformableTree.java:792)
	at org.jbehave.core.embedder.PerformableTree.performCancellable(PerformableTree.java:416)
	at org.jbehave.core.embedder.PerformableTree.perform(PerformableTree.java:387)
	at org.jbehave.core.embedder.StoryManager$EnqueuedStory.call(StoryManager.java:291)
	at org.jbehave.core.embedder.StoryManager$EnqueuedStory.call(StoryManager.java:265)
	at java.util.concurrent.FutureTask.run(FutureTask.java:266)
	at java.util.concurrent.ThreadPoolExecutor.runWorker(ThreadPoolExecutor.java:1142)
	at java.util.concurrent.ThreadPoolExecutor$Worker.run(ThreadPoolExecutor.java:617)
	at java.lang.Thread.run(Thread.java:745)
</failure>
    <system-out><![CDATA[
]]></system-out>
    <system-err><![CDATA[[pool-1-thread-1] ERROR net.serenitybdd.core.Serenity - 
           __  _____ _____ ____ _____   _____ _    ___ _     _____ ____  
  _       / / |_   _| ____/ ___|_   _| |  ___/ \  |_ _| |   | ____|  _ \ 
 (_)_____| |    | | |  _| \___ \ | |   | |_ / _ \  | || |   |  _| | | | |
  _|_____| |    | | | |___ ___) || |   |  _/ ___ \ | || |___| |___| |_| |
 (_)     | |    |_| |_____|____/ |_|   |_|/_/   \_\___|_____|_____|____/ 
          \_\                                                            

TEST FAILED WITH ERROR: Looking up the definition of 'pear'
---------------------------------------------------------------------
[pool-1-thread-1] ERROR net.serenitybdd.core.Serenity - TEST FAILED AT STEP Is the home page
[pool-1-thread-1] ERROR net.serenitybdd.core.Serenity - Could not instantiate class org.openqa.selenium.firefox.FirefoxDriver
]]></system-err>
  </testcase>
  <testcase name="AfterStories" classname="java.lang.Object" time="0.001"/>
  <testcase name="com.prueba.windows.AcceptanceTestSuite" classname="org.apache.maven.surefire.junit4.JUnit4Provider" time="2.448">
    <error message="org.jbehave.core.embedder.Embedder$RunningStoriesFailed: Failures in running stories: &#10;org.jbehave.core.embedder.PerformableTree$SomethingHappened@4da98077: net.thucydides.core.webdriver.UnsupportedDriverException: Could not instantiate class org.openqa.selenium.firefox.FirefoxDriver" type="java.lang.RuntimeException">java.lang.RuntimeException: org.jbehave.core.embedder.Embedder$RunningStoriesFailed: Failures in running stories: 
org.jbehave.core.embedder.PerformableTree$SomethingHappened@4da98077: net.thucydides.core.webdriver.UnsupportedDriverException: Could not instantiate class org.openqa.selenium.firefox.FirefoxDriver
	at org.jbehave.core.embedder.Embedder$ThrowingRunningStoriesFailed.handleFailures(Embedder.java:553)
	at org.jbehave.core.embedder.Embedder.handleFailures(Embedder.java:238)
	at org.jbehave.core.embedder.Embedder.runStoriesAsPaths(Embedder.java:216)
	at net.serenitybdd.jbehave.embedders.ExtendedEmbedder.runStoriesAsPaths(ExtendedEmbedder.java:60)
	at net.serenitybdd.jbehave.runners.SerenityReportingRunner.run(SerenityReportingRunner.java:174)
	at org.apache.maven.surefire.junit4.JUnit4Provider.execute(JUnit4Provider.java:283)
	at org.apache.maven.surefire.junit4.JUnit4Provider.executeWithRerun(JUnit4Provider.java:173)
	at org.apache.maven.surefire.junit4.JUnit4Provider.executeTestSet(JUnit4Provider.java:153)
	at org.apache.maven.surefire.junit4.JUnit4Provider.invoke(JUnit4Provider.java:128)
</error>
    <system-out><![CDATA[Generating reports view to 'C:\Users\javier.vildozo\workspace\pruebaWindows\target\jbehave' using formats '[stats, console, html, xml, serenityreporter, junitscenarioreporter]' and view properties '{decorateNonHtml=true}'
Reports view generated with 2 stories (of which 0 pending) containing 2 scenarios (of which 0 pending)
Failures in reports view: 2 scenarios failed
]]></system-out>
  </testcase>
</testsuite>