<?xml version="1.0" encoding="UTF-8"?>
<testsuite name="com.joecolantonio.serenity.AcceptanceTestSuite" time="41.34" tests="11" errors="0" skipped="0" failures="0">
  <properties>
[...]
</properties>
  <testcase name="BeforeStories" classname="java.lang.Object" time="0.067"/>
  <testcase name="Given the user is on the Wikionary home page" classname="com.joecolantonio.serenity.steps.DefinitionSteps" time="10.916"/>
  <testcase name="When the user looks up the definition of the word &apos;apple&apos;" classname="com.joecolantonio.serenity.steps.DefinitionSteps" time="5.931"/>
  <testcase name="Then they should see the definition &apos;A common, round fruit produced by the tree Malus domestica, cultivated in temperate climates.&apos;" classname="com.joecolantonio.serenity.steps.DefinitionSteps" time="2.286"/>
  <testcase name="Scenario: Looking up the definition of &apos;apple&apos;" classname="Scenario: Looking up the definition of &apos;apple&apos;" time="2.857"/>
  <testcase name="Given the user is on the Wikionary home page​" classname="com.joecolantonio.serenity.steps.DefinitionSteps" time="9.659"/>
  <testcase name="When the user looks up the definition of the word &apos;pear&apos;" classname="com.joecolantonio.serenity.steps.DefinitionSteps" time="5.212"/>
  <testcase name="Then they should see the definition &apos;An edible fruit produced by the pear tree, similar to an apple but elongated towards the stem.&apos;" classname="com.joecolantonio.serenity.steps.DefinitionSteps" time="1.156"/>
  <testcase name="Scenario: Looking up the definition of &apos;pear&apos;" classname="Scenario: Looking up the definition of &apos;pear&apos;" time="1.485"/>
  <testcase name="LookupADefinition.story" classname="LookupADefinition.story" time="1.77"/>
  <testcase name="AfterStories" classname="java.lang.Object" time="0.001"/>
</testsuite>