<?xml version="1.0" encoding="UTF-8"?><testsuite errors="2" failures="0" name="Lookup a definition" skipped="0" tests="2" time="95.14" timestamp="2017-04-100 04:38:55"><testcase name="Looking up the definition of 'apple'"><error message="Could not instantiate class org.openqa.selenium.firefox.FirefoxDriver" type="net.thucydides.core.webdriver.UnsupportedDriverException">Could not instantiate class org.openqa.selenium.firefox.FirefoxDriver</error><system-err>Could not instantiate class org.openqa.selenium.firefox.FirefoxDriver&#13;
com.prueba.windows.steps.serenity.EndUserSteps.is_the_home_page(EndUserSteps.java:32)&#13;
com.prueba.windows.steps.DefinitionSteps.givenTheUserIsOnTheWikionaryHomePage(DefinitionSteps.java:17)&#13;
</system-err></testcase><testcase name="Looking up the definition of 'pear'"><error message="Could not instantiate class org.openqa.selenium.firefox.FirefoxDriver" type="net.thucydides.core.webdriver.UnsupportedDriverException">Could not instantiate class org.openqa.selenium.firefox.FirefoxDriver</error><system-err>Could not instantiate class org.openqa.selenium.firefox.FirefoxDriver&#13;
com.prueba.windows.steps.serenity.EndUserSteps.is_the_home_page(EndUserSteps.java:32)&#13;
com.prueba.windows.steps.DefinitionSteps.givenTheUserIsOnTheWikionaryHomePage(DefinitionSteps.java:17)&#13;
</system-err></testcase></testsuite>